#
# There is insufficient memory for the Java Runtime Environment to continue.
# Native memory allocation (malloc) failed to allocate 1627840 bytes for Chunk::new
# Possible reasons:
#   The system is out of physical RAM or swap space
#   The process is running with CompressedOops enabled, and the Java Heap may be blocking the growth of the native heap
# Possible solutions:
#   Reduce memory load on the system
#   Increase physical memory or swap space
#   Check if swap backing store is full
#   Decrease Java heap size (-Xmx/-Xms)
#   Decrease number of Java threads
#   Decrease Java thread stack sizes (-Xss)
#   Set larger code cache with -XX:ReservedCodeCacheSize=
#   JVM is running with Unscaled Compressed Oops mode in which the Java heap is
#     placed in the first 4GB address space. The Java Heap base address is the
#     maximum limit for the native heap growth. Please use -XX:HeapBaseMinAddress
#     to set the Java Heap base and to place the Java Heap above 4GB virtual address.
# This output file may be truncated or incomplete.
#
#  Out of Memory Error (arena.cpp:189), pid=3248, tid=2576
#
# JRE version: OpenJDK Runtime Environment (17.0.6) (build 17.0.6+0-b2043.56-10027231)
# Java VM: OpenJDK 64-Bit Server VM (17.0.6+0-b2043.56-10027231, mixed mode, tiered, compressed oops, compressed class ptrs, g1 gc, windows-amd64)
# No core dump will be written. Minidumps are not enabled by default on client versions of Windows
#

---------------  S U M M A R Y ------------

Command Line: --add-opens=java.base/java.util=ALL-UNNAMED --add-opens=java.base/java.lang=ALL-UNNAMED --add-opens=java.base/java.lang.invoke=ALL-UNNAMED --add-opens=java.base/java.util=ALL-UNNAMED --add-opens=java.prefs/java.util.prefs=ALL-UNNAMED --add-opens=java.prefs/java.util.prefs=ALL-UNNAMED --add-opens=java.base/java.nio.charset=ALL-UNNAMED --add-opens=java.base/java.net=ALL-UNNAMED --add-opens=java.base/java.util.concurrent.atomic=ALL-UNNAMED -Xmx2048m -Dfile.encoding=UTF-8 -Duser.country=US -Duser.language=en -Duser.variant org.gradle.launcher.daemon.bootstrap.GradleDaemon 7.5

Host: Intel(R) Core(TM) i5-1035G1 CPU @ 1.00GHz, 8 cores, 11G,  Windows 11 , 64 bit Build 22621 (10.0.22621.2506)
Time: Sun Jan  7 19:29:11 2024 SE Asia Standard Time elapsed time: 23.942154 seconds (0d 0h 0m 23s)

---------------  T H R E A D  ---------------

Current thread (0x000002473fc5b150):  JavaThread "C2 CompilerThread0" daemon [_thread_in_native, id=2576, stack(0x000000719ec00000,0x000000719ed00000)]


Current CompileTask:
C2:  23942 8108       4       sun.reflect.generics.parser.SignatureParser::parsePackageNameAndSimpleClassTypeSignature (119 bytes)

Stack: [0x000000719ec00000,0x000000719ed00000]
Native frames: (J=compiled Java code, j=interpreted, Vv=VM code, C=native code)
V  [jvm.dll+0x683c9a]
V  [jvm.dll+0x8427a4]
V  [jvm.dll+0x843f9e]
V  [jvm.dll+0x844603]
V  [jvm.dll+0x249b75]
V  [jvm.dll+0xabcac]
V  [jvm.dll+0xac27c]
V  [jvm.dll+0x368857]
V  [jvm.dll+0x332f31]
V  [jvm.dll+0x3323da]
V  [jvm.dll+0x21c201]
V  [jvm.dll+0x21b621]
V  [jvm.dll+0x1a4fdd]
V  [jvm.dll+0x22b098]
V  [jvm.dll+0x229159]
V  [jvm.dll+0x7f81ec]
V  [jvm.dll+0x7f274a]
V  [jvm.dll+0x682ad5]
C  [ucrtbase.dll+0x29363]
C  [KERNEL32.DLL+0x1257d]
C  [ntdll.dll+0x5aa58]


---------------  P R O C E S S  ---------------

Threads class SMR info:
_java_thread_list=0x0000024745927880, length=125, elements={
0x000002472537c4b0, 0x000002473f1e5de0, 0x000002473f1e6990, 0x000002473fc633a0,
0x000002473fc56fe0, 0x000002473fc598b0, 0x000002473fc5a260, 0x000002473fc5b150,
0x000002473fc5bbf0, 0x000002473fc5ea00, 0x000002473fdfe030, 0x000002473fe049a0,
0x00000247416d48e0, 0x00000247423e6dc0, 0x00000247414fdc70, 0x0000024740f7d6c0,
0x0000024740f7eba0, 0x00000247423dd650, 0x00000247413e08f0, 0x00000247412b2a10,
0x00000247412b3d50, 0x00000247412b4220, 0x00000247412b46f0, 0x00000247412b2ee0,
0x00000247412b16d0, 0x00000247412b3880, 0x00000247412b33b0, 0x00000247412b2540,
0x00000247412b4bc0, 0x00000247412b1ba0, 0x00000247412b2070, 0x00000247461b5060,
0x00000247461b46c0, 0x00000247461b4b90, 0x00000247461b3d20, 0x00000247461b5a00,
0x00000247461b5ed0, 0x00000247461b6870, 0x00000247461b7210, 0x00000247413e40f0,
0x00000247413e2410, 0x00000247413e6c40, 0x00000247413e2db0, 0x00000247413e6770,
0x00000247413e3c20, 0x00000247413e10d0, 0x00000247413e75e0, 0x00000247413e7ab0,
0x00000247413e5900, 0x00000247413e3750, 0x00000247413e7f80, 0x00000247413e5430,
0x00000247413e1f40, 0x00000247413e3280, 0x00000247413e7110, 0x00000247413e8450,
0x00000247413e8920, 0x00000247413e15a0, 0x00000247413e1a70, 0x00000247413e45c0,
0x00000247413e5dd0, 0x00000247413e4f60, 0x00000247413e28e0, 0x00000247413e4a90,
0x000002474432d0b0, 0x0000024744327070, 0x00000247443296f0, 0x000002474432bd70,
0x0000024744328880, 0x0000024744329220, 0x0000024744327ee0, 0x000002474432af00,
0x0000024744329bc0, 0x000002474432cbe0, 0x000002474432c240, 0x000002474432df20,
0x000002474432a090, 0x000002474432a560, 0x0000024744327a10, 0x000002474432aa30,
0x0000024744328d50, 0x000002474432b3d0, 0x000002474432b8a0, 0x000002474432c710,
0x00000247443283b0, 0x000002474432da50, 0x000002474432e3f0, 0x000002474432d580,
0x0000024744326ba0, 0x0000024744327540, 0x000002474240ee10, 0x0000024742413640,
0x0000024742413b10, 0x00000247424127d0, 0x0000024742411e30, 0x0000024742414e50,
0x0000024742413fe0, 0x000002474240dfa0, 0x0000024742411960, 0x0000024742410af0,
0x00000247424144b0, 0x0000024742413170, 0x000002474240e470, 0x0000024742412ca0,
0x0000024742410fc0, 0x000002474240f2e0, 0x0000024742412300, 0x000002474240e940,
0x0000024742414980, 0x000002474240d600, 0x000002474240f7b0, 0x000002474240fc80,
0x000002474240dad0, 0x0000024742410150, 0x0000024742411490, 0x0000024742410620,
0x0000024745abf7f0, 0x0000024745ac0190, 0x0000024745ac14d0, 0x0000024745abfcc0,
0x0000024745ac4e90, 0x0000024745ac4020, 0x0000024745ac0660, 0x0000024745ac3680,
0x0000024745ac2ce0
}

Java Threads: ( => current thread )
  0x000002472537c4b0 JavaThread "main" [_thread_blocked, id=8856, stack(0x000000719df00000,0x000000719e000000)]
  0x000002473f1e5de0 JavaThread "Reference Handler" daemon [_thread_blocked, id=14652, stack(0x000000719e600000,0x000000719e700000)]
  0x000002473f1e6990 JavaThread "Finalizer" daemon [_thread_blocked, id=5316, stack(0x000000719e700000,0x000000719e800000)]
  0x000002473fc633a0 JavaThread "Signal Dispatcher" daemon [_thread_blocked, id=12196, stack(0x000000719e800000,0x000000719e900000)]
  0x000002473fc56fe0 JavaThread "Attach Listener" daemon [_thread_blocked, id=3812, stack(0x000000719e900000,0x000000719ea00000)]
  0x000002473fc598b0 JavaThread "Service Thread" daemon [_thread_blocked, id=924, stack(0x000000719ea00000,0x000000719eb00000)]
  0x000002473fc5a260 JavaThread "Monitor Deflation Thread" daemon [_thread_blocked, id=12712, stack(0x000000719eb00000,0x000000719ec00000)]
=>0x000002473fc5b150 JavaThread "C2 CompilerThread0" daemon [_thread_in_native, id=2576, stack(0x000000719ec00000,0x000000719ed00000)]
  0x000002473fc5bbf0 JavaThread "C1 CompilerThread0" daemon [_thread_blocked, id=10452, stack(0x000000719ed00000,0x000000719ee00000)]
  0x000002473fc5ea00 JavaThread "Sweeper thread" daemon [_thread_blocked, id=9596, stack(0x000000719ee00000,0x000000719ef00000)]
  0x000002473fdfe030 JavaThread "Common-Cleaner" daemon [_thread_blocked, id=11872, stack(0x000000719ef00000,0x000000719f000000)]
  0x000002473fe049a0 JavaThread "Notification Thread" daemon [_thread_blocked, id=10812, stack(0x000000719f000000,0x000000719f100000)]
  0x00000247416d48e0 JavaThread "Daemon health stats" [_thread_blocked, id=17712, stack(0x000000719f700000,0x000000719f800000)]
  0x00000247423e6dc0 JavaThread "Incoming local TCP Connector on port 50538" [_thread_in_native, id=8108, stack(0x000000719f800000,0x000000719f900000)]
  0x00000247414fdc70 JavaThread "Daemon periodic checks" [_thread_blocked, id=13436, stack(0x000000719f900000,0x000000719fa00000)]
  0x0000024740f7d6c0 JavaThread "Daemon" [_thread_blocked, id=7304, stack(0x000000719fa00000,0x000000719fb00000)]
  0x0000024740f7eba0 JavaThread "Handler for socket connection from /127.0.0.1:50538 to /127.0.0.1:50539" [_thread_in_native, id=7324, stack(0x000000719fb00000,0x000000719fc00000)]
  0x00000247423dd650 JavaThread "Cancel handler" [_thread_blocked, id=3136, stack(0x000000719fc00000,0x000000719fd00000)]
  0x00000247413e08f0 JavaThread "Daemon worker" [_thread_in_vm, id=9940, stack(0x000000719f600000,0x000000719f700000)]
  0x00000247412b2a10 JavaThread "Asynchronous log dispatcher for DefaultDaemonConnection: socket connection from /127.0.0.1:50538 to /127.0.0.1:50539" [_thread_blocked, id=6304, stack(0x000000719fd00000,0x000000719fe00000)]
  0x00000247412b3d50 JavaThread "Stdin handler" [_thread_blocked, id=10244, stack(0x000000719fe00000,0x000000719ff00000)]
  0x00000247412b4220 JavaThread "Daemon client event forwarder" [_thread_blocked, id=3860, stack(0x000000719ff00000,0x00000071a0000000)]
  0x00000247412b46f0 JavaThread "Cache worker for journal cache (C:\Users\Admin\.gradle\caches\journal-1)" [_thread_blocked, id=5152, stack(0x00000071a0000000,0x00000071a0100000)]
  0x00000247412b2ee0 JavaThread "File lock request listener" [_thread_in_native, id=5600, stack(0x00000071a0100000,0x00000071a0200000)]
  0x00000247412b16d0 JavaThread "Cache worker for file hash cache (C:\Users\Admin\.gradle\caches\7.5\fileHashes)" [_thread_blocked, id=9172, stack(0x00000071a0600000,0x00000071a0700000)]
  0x00000247412b3880 JavaThread "File watcher server" daemon [_thread_in_native, id=14824, stack(0x00000071a0900000,0x00000071a0a00000)]
  0x00000247412b33b0 JavaThread "File watcher consumer" daemon [_thread_blocked, id=17672, stack(0x00000071a0a00000,0x00000071a0b00000)]
  0x00000247412b2540 JavaThread "Cache worker for checksums cache (C:\Users\Admin\AndroidStudioProjects\OfficeOrder\.gradle\7.5\checksums)" [_thread_blocked, id=18056, stack(0x00000071a0b00000,0x00000071a0c00000)]
  0x00000247412b4bc0 JavaThread "Cache worker for cache directory md-rule (C:\Users\Admin\.gradle\caches\7.5\md-rule)" [_thread_blocked, id=18052, stack(0x00000071a0c00000,0x00000071a0d00000)]
  0x00000247412b1ba0 JavaThread "Cache worker for file content cache (C:\Users\Admin\.gradle\caches\7.5\fileContent)" [_thread_blocked, id=17984, stack(0x00000071a0d00000,0x00000071a0e00000)]
  0x00000247412b2070 JavaThread "Cache worker for file hash cache (C:\Users\Admin\AndroidStudioProjects\OfficeOrder\.gradle\7.5\fileHashes)" [_thread_blocked, id=17876, stack(0x00000071a0800000,0x00000071a0900000)]
  0x00000247461b5060 JavaThread "Cache worker for cache directory md-supplier (C:\Users\Admin\.gradle\caches\7.5\md-supplier)" [_thread_blocked, id=18008, stack(0x00000071a0e00000,0x00000071a0f00000)]
  0x00000247461b46c0 JavaThread "Cache worker for execution history cache (C:\Users\Admin\.gradle\caches\7.5\executionHistory)" [_thread_blocked, id=18112, stack(0x00000071a0f00000,0x00000071a1000000)]
  0x00000247461b4b90 JavaThread "jar transforms" [_thread_blocked, id=18072, stack(0x00000071a0700000,0x00000071a0800000)]
  0x00000247461b3d20 JavaThread "jar transforms Thread 2" [_thread_blocked, id=18100, stack(0x00000071a1000000,0x00000071a1100000)]
  0x00000247461b5a00 JavaThread "jar transforms Thread 3" [_thread_blocked, id=14832, stack(0x00000071a1100000,0x00000071a1200000)]
  0x00000247461b5ed0 JavaThread "jar transforms Thread 4" [_thread_blocked, id=16632, stack(0x00000071a1300000,0x00000071a1400000)]
  0x00000247461b6870 JavaThread "Cache worker for dependencies-accessors (C:\Users\Admin\AndroidStudioProjects\OfficeOrder\.gradle\7.5\dependencies-accessors)" [_thread_blocked, id=14088, stack(0x00000071a1400000,0x00000071a1500000)]
  0x00000247461b7210 JavaThread "jar transforms Thread 5" [_thread_blocked, id=14104, stack(0x00000071a1200000,0x00000071a1300000)]
  0x00000247413e40f0 JavaThread "Cache worker for Build Output Cleanup Cache (C:\Users\Admin\AndroidStudioProjects\OfficeOrder\.gradle\buildOutputCleanup)" [_thread_blocked, id=7384, stack(0x00000071a1500000,0x00000071a1600000)]
  0x00000247413e2410 JavaThread "Unconstrained build operations" [_thread_blocked, id=10188, stack(0x00000071a1700000,0x00000071a1800000)]
  0x00000247413e6c40 JavaThread "Unconstrained build operations Thread 2" [_thread_blocked, id=14996, stack(0x00000071a1800000,0x00000071a1900000)]
  0x00000247413e2db0 JavaThread "Unconstrained build operations Thread 3" [_thread_blocked, id=3724, stack(0x00000071a1900000,0x00000071a1a00000)]
  0x00000247413e6770 JavaThread "Unconstrained build operations Thread 4" [_thread_blocked, id=3944, stack(0x00000071a1a00000,0x00000071a1b00000)]
  0x00000247413e3c20 JavaThread "Unconstrained build operations Thread 5" [_thread_blocked, id=6916, stack(0x00000071a1b00000,0x00000071a1c00000)]
  0x00000247413e10d0 JavaThread "Unconstrained build operations Thread 6" [_thread_blocked, id=12876, stack(0x00000071a1c00000,0x00000071a1d00000)]
  0x00000247413e75e0 JavaThread "Unconstrained build operations Thread 7" [_thread_blocked, id=7976, stack(0x00000071a1d00000,0x00000071a1e00000)]
  0x00000247413e7ab0 JavaThread "Unconstrained build operations Thread 8" [_thread_blocked, id=12520, stack(0x00000071a1e00000,0x00000071a1f00000)]
  0x00000247413e5900 JavaThread "Unconstrained build operations Thread 9" [_thread_blocked, id=9340, stack(0x00000071a1f00000,0x00000071a2000000)]
  0x00000247413e3750 JavaThread "Unconstrained build operations Thread 10" [_thread_blocked, id=7236, stack(0x00000071a2000000,0x00000071a2100000)]
  0x00000247413e7f80 JavaThread "Unconstrained build operations Thread 11" [_thread_blocked, id=14952, stack(0x00000071a2100000,0x00000071a2200000)]
  0x00000247413e5430 JavaThread "Unconstrained build operations Thread 12" [_thread_blocked, id=5296, stack(0x00000071a2200000,0x00000071a2300000)]
  0x00000247413e1f40 JavaThread "Unconstrained build operations Thread 13" [_thread_blocked, id=6028, stack(0x00000071a2300000,0x00000071a2400000)]
  0x00000247413e3280 JavaThread "Unconstrained build operations Thread 14" [_thread_blocked, id=1984, stack(0x00000071a2400000,0x00000071a2500000)]
  0x00000247413e7110 JavaThread "Unconstrained build operations Thread 15" [_thread_blocked, id=2528, stack(0x00000071a2500000,0x00000071a2600000)]
  0x00000247413e8450 JavaThread "Unconstrained build operations Thread 16" [_thread_blocked, id=2964, stack(0x00000071a2600000,0x00000071a2700000)]
  0x00000247413e8920 JavaThread "Unconstrained build operations Thread 17" [_thread_blocked, id=7664, stack(0x00000071a2700000,0x00000071a2800000)]
  0x00000247413e15a0 JavaThread "Unconstrained build operations Thread 18" [_thread_blocked, id=11136, stack(0x00000071a2800000,0x00000071a2900000)]
  0x00000247413e1a70 JavaThread "Unconstrained build operations Thread 19" [_thread_blocked, id=6092, stack(0x00000071a2900000,0x00000071a2a00000)]
  0x00000247413e45c0 JavaThread "Unconstrained build operations Thread 20" [_thread_blocked, id=17392, stack(0x00000071a2a00000,0x00000071a2b00000)]
  0x00000247413e5dd0 JavaThread "Unconstrained build operations Thread 21" [_thread_blocked, id=8904, stack(0x00000071a2b00000,0x00000071a2c00000)]
  0x00000247413e4f60 JavaThread "Unconstrained build operations Thread 22" [_thread_blocked, id=10484, stack(0x00000071a2c00000,0x00000071a2d00000)]
  0x00000247413e28e0 JavaThread "Unconstrained build operations Thread 23" [_thread_blocked, id=7100, stack(0x00000071a2d00000,0x00000071a2e00000)]
  0x00000247413e4a90 JavaThread "Unconstrained build operations Thread 24" [_thread_blocked, id=14644, stack(0x00000071a2e00000,0x00000071a2f00000)]
  0x000002474432d0b0 JavaThread "Unconstrained build operations Thread 25" [_thread_blocked, id=10760, stack(0x00000071a2f00000,0x00000071a3000000)]
  0x0000024744327070 JavaThread "Unconstrained build operations Thread 26" [_thread_blocked, id=10008, stack(0x00000071a3000000,0x00000071a3100000)]
  0x00000247443296f0 JavaThread "Unconstrained build operations Thread 27" [_thread_blocked, id=16780, stack(0x00000071a3100000,0x00000071a3200000)]
  0x000002474432bd70 JavaThread "Unconstrained build operations Thread 28" [_thread_blocked, id=12900, stack(0x00000071a3200000,0x00000071a3300000)]
  0x0000024744328880 JavaThread "Unconstrained build operations Thread 29" [_thread_blocked, id=4056, stack(0x00000071a3300000,0x00000071a3400000)]
  0x0000024744329220 JavaThread "Unconstrained build operations Thread 30" [_thread_blocked, id=2864, stack(0x00000071a3400000,0x00000071a3500000)]
  0x0000024744327ee0 JavaThread "Unconstrained build operations Thread 31" [_thread_blocked, id=4444, stack(0x00000071a3500000,0x00000071a3600000)]
  0x000002474432af00 JavaThread "Unconstrained build operations Thread 32" [_thread_blocked, id=11260, stack(0x00000071a3600000,0x00000071a3700000)]
  0x0000024744329bc0 JavaThread "Unconstrained build operations Thread 33" [_thread_blocked, id=9392, stack(0x00000071a3700000,0x00000071a3800000)]
  0x000002474432cbe0 JavaThread "Unconstrained build operations Thread 34" [_thread_blocked, id=10680, stack(0x00000071a3800000,0x00000071a3900000)]
  0x000002474432c240 JavaThread "Unconstrained build operations Thread 35" [_thread_blocked, id=1404, stack(0x00000071a3900000,0x00000071a3a00000)]
  0x000002474432df20 JavaThread "Unconstrained build operations Thread 36" [_thread_blocked, id=11640, stack(0x00000071a3a00000,0x00000071a3b00000)]
  0x000002474432a090 JavaThread "Unconstrained build operations Thread 37" [_thread_blocked, id=4220, stack(0x00000071a3b00000,0x00000071a3c00000)]
  0x000002474432a560 JavaThread "Unconstrained build operations Thread 38" [_thread_blocked, id=15656, stack(0x00000071a3c00000,0x00000071a3d00000)]
  0x0000024744327a10 JavaThread "Unconstrained build operations Thread 39" [_thread_blocked, id=14216, stack(0x00000071a3d00000,0x00000071a3e00000)]
  0x000002474432aa30 JavaThread "Unconstrained build operations Thread 40" [_thread_blocked, id=11476, stack(0x00000071a3e00000,0x00000071a3f00000)]
  0x0000024744328d50 JavaThread "Unconstrained build operations Thread 41" [_thread_blocked, id=9080, stack(0x00000071a3f00000,0x00000071a4000000)]
  0x000002474432b3d0 JavaThread "Unconstrained build operations Thread 42" [_thread_blocked, id=18132, stack(0x00000071a4000000,0x00000071a4100000)]
  0x000002474432b8a0 JavaThread "Unconstrained build operations Thread 43" [_thread_blocked, id=10536, stack(0x00000071a4100000,0x00000071a4200000)]
  0x000002474432c710 JavaThread "Unconstrained build operations Thread 44" [_thread_blocked, id=11648, stack(0x00000071a4200000,0x00000071a4300000)]
  0x00000247443283b0 JavaThread "Unconstrained build operations Thread 45" [_thread_blocked, id=13868, stack(0x00000071a4300000,0x00000071a4400000)]
  0x000002474432da50 JavaThread "Unconstrained build operations Thread 46" [_thread_blocked, id=17936, stack(0x00000071a4400000,0x00000071a4500000)]
  0x000002474432e3f0 JavaThread "Unconstrained build operations Thread 47" [_thread_blocked, id=6924, stack(0x00000071a4500000,0x00000071a4600000)]
  0x000002474432d580 JavaThread "Unconstrained build operations Thread 48" [_thread_blocked, id=3376, stack(0x00000071a4600000,0x00000071a4700000)]
  0x0000024744326ba0 JavaThread "Unconstrained build operations Thread 49" [_thread_blocked, id=11696, stack(0x00000071a4700000,0x00000071a4800000)]
  0x0000024744327540 JavaThread "Unconstrained build operations Thread 50" [_thread_blocked, id=4192, stack(0x00000071a4800000,0x00000071a4900000)]
  0x000002474240ee10 JavaThread "Unconstrained build operations Thread 51" [_thread_blocked, id=9660, stack(0x00000071a4900000,0x00000071a4a00000)]
  0x0000024742413640 JavaThread "Unconstrained build operations Thread 52" [_thread_blocked, id=3736, stack(0x00000071a4a00000,0x00000071a4b00000)]
  0x0000024742413b10 JavaThread "Unconstrained build operations Thread 53" [_thread_blocked, id=3768, stack(0x00000071a4b00000,0x00000071a4c00000)]
  0x00000247424127d0 JavaThread "Unconstrained build operations Thread 54" [_thread_blocked, id=17552, stack(0x00000071a4c00000,0x00000071a4d00000)]
  0x0000024742411e30 JavaThread "Unconstrained build operations Thread 55" [_thread_blocked, id=13756, stack(0x00000071a4d00000,0x00000071a4e00000)]
  0x0000024742414e50 JavaThread "Unconstrained build operations Thread 56" [_thread_blocked, id=18084, stack(0x00000071a4e00000,0x00000071a4f00000)]
  0x0000024742413fe0 JavaThread "Unconstrained build operations Thread 57" [_thread_blocked, id=2056, stack(0x00000071a4f00000,0x00000071a5000000)]
  0x000002474240dfa0 JavaThread "Unconstrained build operations Thread 58" [_thread_blocked, id=16392, stack(0x00000071a5000000,0x00000071a5100000)]
  0x0000024742411960 JavaThread "Unconstrained build operations Thread 59" [_thread_blocked, id=15984, stack(0x00000071a5100000,0x00000071a5200000)]
  0x0000024742410af0 JavaThread "Unconstrained build operations Thread 60" [_thread_blocked, id=16472, stack(0x00000071a5200000,0x00000071a5300000)]
  0x00000247424144b0 JavaThread "Unconstrained build operations Thread 61" [_thread_blocked, id=15700, stack(0x00000071a5300000,0x00000071a5400000)]
  0x0000024742413170 JavaThread "Unconstrained build operations Thread 62" [_thread_blocked, id=9560, stack(0x00000071a5400000,0x00000071a5500000)]
  0x000002474240e470 JavaThread "Unconstrained build operations Thread 63" [_thread_blocked, id=4396, stack(0x00000071a5500000,0x00000071a5600000)]
  0x0000024742412ca0 JavaThread "Unconstrained build operations Thread 64" [_thread_blocked, id=4436, stack(0x00000071a5600000,0x00000071a5700000)]
  0x0000024742410fc0 JavaThread "Unconstrained build operations Thread 65" [_thread_blocked, id=15192, stack(0x00000071a5700000,0x00000071a5800000)]
  0x000002474240f2e0 JavaThread "Unconstrained build operations Thread 66" [_thread_blocked, id=17284, stack(0x00000071a5800000,0x00000071a5900000)]
  0x0000024742412300 JavaThread "Unconstrained build operations Thread 67" [_thread_blocked, id=4084, stack(0x00000071a5900000,0x00000071a5a00000)]
  0x000002474240e940 JavaThread "Unconstrained build operations Thread 68" [_thread_blocked, id=11996, stack(0x00000071a5a00000,0x00000071a5b00000)]
  0x0000024742414980 JavaThread "Unconstrained build operations Thread 69" [_thread_blocked, id=14188, stack(0x00000071a5b00000,0x00000071a5c00000)]
  0x000002474240d600 JavaThread "Unconstrained build operations Thread 70" [_thread_blocked, id=8532, stack(0x00000071a5c00000,0x00000071a5d00000)]
  0x000002474240f7b0 JavaThread "Unconstrained build operations Thread 71" [_thread_blocked, id=2960, stack(0x00000071a5d00000,0x00000071a5e00000)]
  0x000002474240fc80 JavaThread "Unconstrained build operations Thread 72" [_thread_blocked, id=15216, stack(0x00000071a5e00000,0x00000071a5f00000)]
  0x000002474240dad0 JavaThread "Unconstrained build operations Thread 73" [_thread_blocked, id=4644, stack(0x00000071a5f00000,0x00000071a6000000)]
  0x0000024742410150 JavaThread "Unconstrained build operations Thread 74" [_thread_blocked, id=11308, stack(0x00000071a6000000,0x00000071a6100000)]
  0x0000024742411490 JavaThread "Unconstrained build operations Thread 75" [_thread_blocked, id=9388, stack(0x00000071a6100000,0x00000071a6200000)]
  0x0000024742410620 JavaThread "Unconstrained build operations Thread 76" [_thread_blocked, id=5188, stack(0x00000071a6200000,0x00000071a6300000)]
  0x0000024745abf7f0 JavaThread "Unconstrained build operations Thread 77" [_thread_blocked, id=18356, stack(0x00000071a6300000,0x00000071a6400000)]
  0x0000024745ac0190 JavaThread "Unconstrained build operations Thread 78" [_thread_blocked, id=18428, stack(0x00000071a6400000,0x00000071a6500000)]
  0x0000024745ac14d0 JavaThread "Unconstrained build operations Thread 79" [_thread_blocked, id=13592, stack(0x00000071a6500000,0x00000071a6600000)]
  0x0000024745abfcc0 JavaThread "Unconstrained build operations Thread 80" [_thread_blocked, id=15064, stack(0x00000071a6600000,0x00000071a6700000)]
  0x0000024745ac4e90 JavaThread "jar transforms Thread 6" [_thread_blocked, id=12040, stack(0x00000071a6700000,0x00000071a6800000)]
  0x0000024745ac4020 JavaThread "jar transforms Thread 7" [_thread_blocked, id=12920, stack(0x00000071a6800000,0x00000071a6900000)]
  0x0000024745ac0660 JavaThread "jar transforms Thread 8" [_thread_blocked, id=12468, stack(0x00000071a6900000,0x00000071a6a00000)]
  0x0000024745ac3680 JavaThread "build event listener" [_thread_blocked, id=11916, stack(0x00000071a1600000,0x00000071a1700000)]
  0x0000024745ac2ce0 JavaThread "Memory manager" [_thread_blocked, id=15180, stack(0x00000071a6a00000,0x00000071a6b00000)]

Other Threads:
  0x000002473f1e48b0 VMThread "VM Thread" [stack: 0x000000719e500000,0x000000719e600000] [id=7260]
  0x000002473fe05a90 WatcherThread [stack: 0x000000719f100000,0x000000719f200000] [id=11580]
  0x00000247253d8ff0 GCTaskThread "GC Thread#0" [stack: 0x000000719e000000,0x000000719e100000] [id=7832]
  0x0000024740badc90 GCTaskThread "GC Thread#1" [stack: 0x000000719f300000,0x000000719f400000] [id=9488]
  0x0000024740b01710 GCTaskThread "GC Thread#2" [stack: 0x000000719f400000,0x000000719f500000] [id=15340]
  0x00000247402f4600 GCTaskThread "GC Thread#3" [stack: 0x000000719f500000,0x000000719f600000] [id=5232]
  0x00000247410272a0 GCTaskThread "GC Thread#4" [stack: 0x000000719f200000,0x000000719f300000] [id=3952]
  0x00000247414d9270 GCTaskThread "GC Thread#5" [stack: 0x00000071a0200000,0x00000071a0300000] [id=2500]
  0x00000247416c5b30 GCTaskThread "GC Thread#6" [stack: 0x00000071a0300000,0x00000071a0400000] [id=2984]
  0x00000247421f4c40 GCTaskThread "GC Thread#7" [stack: 0x00000071a0400000,0x00000071a0500000] [id=1156]
  0x00000247253e9dd0 ConcurrentGCThread "G1 Main Marker" [stack: 0x000000719e100000,0x000000719e200000] [id=3856]
  0x00000247253ea680 ConcurrentGCThread "G1 Conc#0" [stack: 0x000000719e200000,0x000000719e300000] [id=2928]
  0x0000024742212d90 ConcurrentGCThread "G1 Conc#1" [stack: 0x00000071a0500000,0x00000071a0600000] [id=9064]
  0x000002472543df00 ConcurrentGCThread "G1 Refine#0" [stack: 0x000000719e300000,0x000000719e400000] [id=16724]
  0x000002472543ebc0 ConcurrentGCThread "G1 Service" [stack: 0x000000719e400000,0x000000719e500000] [id=3804]

Threads with active compile tasks:
C2 CompilerThread0    24025 8108       4       sun.reflect.generics.parser.SignatureParser::parsePackageNameAndSimpleClassTypeSignature (119 bytes)
C1 CompilerThread0    24025 8261       2       javax.management.ObjectName::setCanonicalName (251 bytes)

VM state: not at safepoint (normal execution)

VM Mutex/Monitor currently owned by a thread: None

Heap address: 0x0000000080000000, size: 2048 MB, Compressed Oops mode: 32-bit

CDS archive(s) not mapped
Compressed class space mapped at: 0x0000000100000000-0x0000000140000000, reserved size: 1073741824
Narrow klass base: 0x0000000000000000, Narrow klass shift: 3, Narrow klass range: 0x140000000

GC Precious Log:
 CPUs: 8 total, 8 available
 Memory: 12055M
 Large Page Support: Disabled
 NUMA Support: Disabled
 Compressed Oops: Enabled (32-bit)
 Heap Region Size: 1M
 Heap Min Capacity: 8M
 Heap Initial Capacity: 190M
 Heap Max Capacity: 2G
 Pre-touch: Disabled
 Parallel Workers: 8
 Concurrent Workers: 2
 Concurrent Refinement Workers: 8
 Periodic GC: Disabled

Heap:
 garbage-first heap   total 160768K, used 88137K [0x0000000080000000, 0x0000000100000000)
  region size 1024K, 33 young (33792K), 9 survivors (9216K)
 Metaspace       used 81689K, committed 82368K, reserved 1122304K
  class space    used 11048K, committed 11328K, reserved 1048576K

Heap Regions: E=young(eden), S=young(survivor), O=old, HS=humongous(starts), HC=humongous(continues), CS=collection set, F=free, OA=open archive, CA=closed archive, TAMS=top-at-mark-start (previous, next)
|   0|0x0000000080000000, 0x0000000080100000, 0x0000000080100000|100%| O|  |TAMS 0x0000000080100000, 0x0000000080100000| Untracked 
|   1|0x0000000080100000, 0x0000000080200000, 0x0000000080200000|100%| O|  |TAMS 0x0000000080200000, 0x0000000080200000| Untracked 
|   2|0x0000000080200000, 0x0000000080300000, 0x0000000080300000|100%| O|  |TAMS 0x0000000080300000, 0x0000000080300000| Untracked 
|   3|0x0000000080300000, 0x0000000080400000, 0x0000000080400000|100%|HS|  |TAMS 0x0000000080400000, 0x0000000080400000| Complete 
|   4|0x0000000080400000, 0x0000000080500000, 0x0000000080500000|100%|HC|  |TAMS 0x0000000080500000, 0x0000000080500000| Complete 
|   5|0x0000000080500000, 0x0000000080600000, 0x0000000080600000|100%|HC|  |TAMS 0x0000000080600000, 0x0000000080600000| Complete 
|   6|0x0000000080600000, 0x0000000080700000, 0x0000000080700000|100%| O|  |TAMS 0x0000000080700000, 0x0000000080700000| Untracked 
|   7|0x0000000080700000, 0x0000000080800000, 0x0000000080800000|100%| O|  |TAMS 0x0000000080800000, 0x0000000080800000| Untracked 
|   8|0x0000000080800000, 0x0000000080900000, 0x0000000080900000|100%| O|  |TAMS 0x0000000080900000, 0x0000000080900000| Untracked 
|   9|0x0000000080900000, 0x0000000080a00000, 0x0000000080a00000|100%| O|  |TAMS 0x0000000080a00000, 0x0000000080a00000| Untracked 
|  10|0x0000000080a00000, 0x0000000080b00000, 0x0000000080b00000|100%| O|  |TAMS 0x0000000080b00000, 0x0000000080b00000| Untracked 
|  11|0x0000000080b00000, 0x0000000080c00000, 0x0000000080c00000|100%| O|  |TAMS 0x0000000080c00000, 0x0000000080c00000| Untracked 
|  12|0x0000000080c00000, 0x0000000080d00000, 0x0000000080d00000|100%| O|  |TAMS 0x0000000080d00000, 0x0000000080d00000| Untracked 
|  13|0x0000000080d00000, 0x0000000080e00000, 0x0000000080e00000|100%| O|  |TAMS 0x0000000080e00000, 0x0000000080e00000| Untracked 
|  14|0x0000000080e00000, 0x0000000080f00000, 0x0000000080f00000|100%| O|  |TAMS 0x0000000080f00000, 0x0000000080f00000| Untracked 
|  15|0x0000000080f00000, 0x0000000081000000, 0x0000000081000000|100%| O|  |TAMS 0x0000000081000000, 0x0000000081000000| Untracked 
|  16|0x0000000081000000, 0x0000000081100000, 0x0000000081100000|100%| O|  |TAMS 0x0000000081100000, 0x0000000081100000| Untracked 
|  17|0x0000000081100000, 0x0000000081200000, 0x0000000081200000|100%| O|  |TAMS 0x0000000081200000, 0x0000000081200000| Untracked 
|  18|0x0000000081200000, 0x0000000081300000, 0x0000000081300000|100%| O|  |TAMS 0x0000000081300000, 0x0000000081300000| Untracked 
|  19|0x0000000081300000, 0x0000000081400000, 0x0000000081400000|100%| O|  |TAMS 0x0000000081400000, 0x0000000081400000| Untracked 
|  20|0x0000000081400000, 0x0000000081500000, 0x0000000081500000|100%| O|  |TAMS 0x0000000081500000, 0x0000000081500000| Untracked 
|  21|0x0000000081500000, 0x0000000081600000, 0x0000000081600000|100%| O|  |TAMS 0x0000000081600000, 0x0000000081600000| Untracked 
|  22|0x0000000081600000, 0x0000000081700000, 0x0000000081700000|100%| O|  |TAMS 0x0000000081700000, 0x0000000081700000| Untracked 
|  23|0x0000000081700000, 0x0000000081800000, 0x0000000081800000|100%| O|  |TAMS 0x0000000081800000, 0x0000000081800000| Untracked 
|  24|0x0000000081800000, 0x0000000081900000, 0x0000000081900000|100%| O|  |TAMS 0x0000000081900000, 0x0000000081900000| Untracked 
|  25|0x0000000081900000, 0x0000000081a00000, 0x0000000081a00000|100%| O|  |TAMS 0x0000000081a00000, 0x0000000081a00000| Untracked 
|  26|0x0000000081a00000, 0x0000000081b00000, 0x0000000081b00000|100%| O|  |TAMS 0x0000000081b00000, 0x0000000081b00000| Untracked 
|  27|0x0000000081b00000, 0x0000000081c00000, 0x0000000081c00000|100%| O|  |TAMS 0x0000000081c00000, 0x0000000081c00000| Untracked 
|  28|0x0000000081c00000, 0x0000000081d00000, 0x0000000081d00000|100%| O|  |TAMS 0x0000000081d00000, 0x0000000081d00000| Untracked 
|  29|0x0000000081d00000, 0x0000000081e00000, 0x0000000081e00000|100%| O|  |TAMS 0x0000000081e00000, 0x0000000081e00000| Untracked 
|  30|0x0000000081e00000, 0x0000000081f00000, 0x0000000081f00000|100%| O|  |TAMS 0x0000000081f00000, 0x0000000081f00000| Untracked 
|  31|0x0000000081f00000, 0x0000000082000000, 0x0000000082000000|100%| O|  |TAMS 0x0000000082000000, 0x0000000082000000| Untracked 
|  32|0x0000000082000000, 0x0000000082100000, 0x0000000082100000|100%| O|  |TAMS 0x0000000082100000, 0x0000000082100000| Untracked 
|  33|0x0000000082100000, 0x0000000082200000, 0x0000000082200000|100%|HS|  |TAMS 0x0000000082200000, 0x0000000082200000| Complete 
|  34|0x0000000082200000, 0x0000000082300000, 0x0000000082300000|100%|HS|  |TAMS 0x0000000082300000, 0x0000000082300000| Complete 
|  35|0x0000000082300000, 0x0000000082400000, 0x0000000082400000|100%| O|  |TAMS 0x0000000082400000, 0x0000000082400000| Untracked 
|  36|0x0000000082400000, 0x0000000082500000, 0x0000000082500000|100%| O|  |TAMS 0x0000000082500000, 0x0000000082500000| Untracked 
|  37|0x0000000082500000, 0x0000000082600000, 0x0000000082600000|100%| O|  |TAMS 0x0000000082600000, 0x0000000082600000| Untracked 
|  38|0x0000000082600000, 0x0000000082700000, 0x0000000082700000|100%| O|  |TAMS 0x0000000082700000, 0x0000000082700000| Untracked 
|  39|0x0000000082700000, 0x0000000082800000, 0x0000000082800000|100%| O|  |TAMS 0x0000000082800000, 0x0000000082800000| Untracked 
|  40|0x0000000082800000, 0x0000000082900000, 0x0000000082900000|100%| O|  |TAMS 0x0000000082900000, 0x0000000082900000| Untracked 
|  41|0x0000000082900000, 0x0000000082a00000, 0x0000000082a00000|100%| O|  |TAMS 0x0000000082a00000, 0x0000000082a00000| Untracked 
|  42|0x0000000082a00000, 0x0000000082b00000, 0x0000000082b00000|100%| O|  |TAMS 0x0000000082b00000, 0x0000000082b00000| Untracked 
|  43|0x0000000082b00000, 0x0000000082c00000, 0x0000000082c00000|100%| O|  |TAMS 0x0000000082c00000, 0x0000000082c00000| Untracked 
|  44|0x0000000082c00000, 0x0000000082d00000, 0x0000000082d00000|100%| O|  |TAMS 0x0000000082c00000, 0x0000000082c00000| Untracked 
|  45|0x0000000082d00000, 0x0000000082e00000, 0x0000000082e00000|100%| O|  |TAMS 0x0000000082d00000, 0x0000000082d00000| Untracked 
|  46|0x0000000082e00000, 0x0000000082f00000, 0x0000000082f00000|100%| O|  |TAMS 0x0000000082e00000, 0x0000000082e00000| Untracked 
|  47|0x0000000082f00000, 0x0000000083000000, 0x0000000083000000|100%| O|  |TAMS 0x0000000082f00000, 0x0000000082f00000| Untracked 
|  48|0x0000000083000000, 0x0000000083100000, 0x0000000083100000|100%| O|  |TAMS 0x0000000083000000, 0x0000000083000000| Untracked 
|  49|0x0000000083100000, 0x0000000083200000, 0x0000000083200000|100%| O|  |TAMS 0x0000000083100000, 0x0000000083100000| Untracked 
|  50|0x0000000083200000, 0x0000000083300000, 0x0000000083300000|100%| O|  |TAMS 0x0000000083300000, 0x0000000083300000| Untracked 
|  51|0x0000000083300000, 0x0000000083400000, 0x0000000083400000|100%| O|  |TAMS 0x0000000083336a00, 0x0000000083337c00| Untracked 
|  52|0x0000000083400000, 0x0000000083500000, 0x0000000083500000|100%| O|  |TAMS 0x0000000083400000, 0x0000000083400000| Untracked 
|  53|0x0000000083500000, 0x0000000083600000, 0x0000000083600000|100%| O|  |TAMS 0x0000000083500000, 0x0000000083500000| Untracked 
|  54|0x0000000083600000, 0x0000000083651000, 0x0000000083700000| 31%| O|  |TAMS 0x0000000083600000, 0x0000000083600000| Untracked 
|  55|0x0000000083700000, 0x0000000083700000, 0x0000000083800000|  0%| F|  |TAMS 0x0000000083700000, 0x0000000083700000| Untracked 
|  56|0x0000000083800000, 0x0000000083800000, 0x0000000083900000|  0%| F|  |TAMS 0x0000000083800000, 0x0000000083800000| Untracked 
|  57|0x0000000083900000, 0x0000000083900000, 0x0000000083a00000|  0%| F|  |TAMS 0x0000000083900000, 0x0000000083900000| Untracked 
|  58|0x0000000083a00000, 0x0000000083a00000, 0x0000000083b00000|  0%| F|  |TAMS 0x0000000083a00000, 0x0000000083a00000| Untracked 
|  59|0x0000000083b00000, 0x0000000083b00000, 0x0000000083c00000|  0%| F|  |TAMS 0x0000000083b00000, 0x0000000083b00000| Untracked 
|  60|0x0000000083c00000, 0x0000000083c00000, 0x0000000083d00000|  0%| F|  |TAMS 0x0000000083c00000, 0x0000000083c00000| Untracked 
|  61|0x0000000083d00000, 0x0000000083d00000, 0x0000000083e00000|  0%| F|  |TAMS 0x0000000083d00000, 0x0000000083d00000| Untracked 
|  62|0x0000000083e00000, 0x0000000083e00000, 0x0000000083f00000|  0%| F|  |TAMS 0x0000000083e00000, 0x0000000083e00000| Untracked 
|  63|0x0000000083f00000, 0x0000000083f00000, 0x0000000084000000|  0%| F|  |TAMS 0x0000000083f00000, 0x0000000083f00000| Untracked 
|  64|0x0000000084000000, 0x0000000084000000, 0x0000000084100000|  0%| F|  |TAMS 0x0000000084000000, 0x0000000084000000| Untracked 
|  65|0x0000000084100000, 0x0000000084100000, 0x0000000084200000|  0%| F|  |TAMS 0x0000000084100000, 0x0000000084100000| Untracked 
|  66|0x0000000084200000, 0x0000000084200000, 0x0000000084300000|  0%| F|  |TAMS 0x0000000084200000, 0x0000000084200000| Untracked 
|  67|0x0000000084300000, 0x0000000084300000, 0x0000000084400000|  0%| F|  |TAMS 0x0000000084300000, 0x0000000084300000| Untracked 
|  68|0x0000000084400000, 0x0000000084400000, 0x0000000084500000|  0%| F|  |TAMS 0x0000000084400000, 0x0000000084400000| Untracked 
|  69|0x0000000084500000, 0x0000000084500000, 0x0000000084600000|  0%| F|  |TAMS 0x0000000084500000, 0x0000000084500000| Untracked 
|  70|0x0000000084600000, 0x0000000084600000, 0x0000000084700000|  0%| F|  |TAMS 0x0000000084600000, 0x0000000084600000| Untracked 
|  71|0x0000000084700000, 0x0000000084700000, 0x0000000084800000|  0%| F|  |TAMS 0x0000000084700000, 0x0000000084700000| Untracked 
|  72|0x0000000084800000, 0x0000000084800000, 0x0000000084900000|  0%| F|  |TAMS 0x0000000084800000, 0x0000000084800000| Untracked 
|  73|0x0000000084900000, 0x0000000084900000, 0x0000000084a00000|  0%| F|  |TAMS 0x0000000084900000, 0x0000000084900000| Untracked 
|  74|0x0000000084a00000, 0x0000000084a00000, 0x0000000084b00000|  0%| F|  |TAMS 0x0000000084a00000, 0x0000000084a00000| Untracked 
|  75|0x0000000084b00000, 0x0000000084b00000, 0x0000000084c00000|  0%| F|  |TAMS 0x0000000084b00000, 0x0000000084b00000| Untracked 
|  76|0x0000000084c00000, 0x0000000084c00000, 0x0000000084d00000|  0%| F|  |TAMS 0x0000000084c00000, 0x0000000084c00000| Untracked 
|  77|0x0000000084d00000, 0x0000000084d00000, 0x0000000084e00000|  0%| F|  |TAMS 0x0000000084d00000, 0x0000000084d00000| Untracked 
|  78|0x0000000084e00000, 0x0000000084e00000, 0x0000000084f00000|  0%| F|  |TAMS 0x0000000084e00000, 0x0000000084e00000| Untracked 
|  79|0x0000000084f00000, 0x0000000084fc1540, 0x0000000085000000| 75%| S|CS|TAMS 0x0000000084f00000, 0x0000000084f00000| Complete 
|  80|0x0000000085000000, 0x0000000085000000, 0x0000000085100000|  0%| F|  |TAMS 0x0000000085000000, 0x0000000085000000| Untracked 
|  81|0x0000000085100000, 0x0000000085100000, 0x0000000085200000|  0%| F|  |TAMS 0x0000000085100000, 0x0000000085100000| Untracked 
|  82|0x0000000085200000, 0x0000000085200000, 0x0000000085300000|  0%| F|  |TAMS 0x0000000085200000, 0x0000000085200000| Untracked 
|  83|0x0000000085300000, 0x0000000085300000, 0x0000000085400000|  0%| F|  |TAMS 0x0000000085300000, 0x0000000085300000| Untracked 
|  84|0x0000000085400000, 0x0000000085400000, 0x0000000085500000|  0%| F|  |TAMS 0x0000000085400000, 0x0000000085400000| Untracked 
|  85|0x0000000085500000, 0x0000000085500000, 0x0000000085600000|  0%| F|  |TAMS 0x0000000085500000, 0x0000000085500000| Untracked 
|  86|0x0000000085600000, 0x0000000085600000, 0x0000000085700000|  0%| F|  |TAMS 0x0000000085600000, 0x0000000085600000| Untracked 
|  87|0x0000000085700000, 0x0000000085700000, 0x0000000085800000|  0%| F|  |TAMS 0x0000000085700000, 0x0000000085700000| Untracked 
|  88|0x0000000085800000, 0x0000000085800000, 0x0000000085900000|  0%| F|  |TAMS 0x0000000085800000, 0x0000000085800000| Untracked 
|  89|0x0000000085900000, 0x0000000085a00000, 0x0000000085a00000|100%| S|CS|TAMS 0x0000000085900000, 0x0000000085900000| Complete 
|  90|0x0000000085a00000, 0x0000000085b00000, 0x0000000085b00000|100%| S|CS|TAMS 0x0000000085a00000, 0x0000000085a00000| Complete 
|  91|0x0000000085b00000, 0x0000000085c00000, 0x0000000085c00000|100%| S|CS|TAMS 0x0000000085b00000, 0x0000000085b00000| Complete 
|  92|0x0000000085c00000, 0x0000000085d00000, 0x0000000085d00000|100%| S|CS|TAMS 0x0000000085c00000, 0x0000000085c00000| Complete 
|  93|0x0000000085d00000, 0x0000000085e00000, 0x0000000085e00000|100%| S|CS|TAMS 0x0000000085d00000, 0x0000000085d00000| Complete 
|  94|0x0000000085e00000, 0x0000000085f00000, 0x0000000085f00000|100%| S|CS|TAMS 0x0000000085e00000, 0x0000000085e00000| Complete 
|  95|0x0000000085f00000, 0x0000000086000000, 0x0000000086000000|100%| S|CS|TAMS 0x0000000085f00000, 0x0000000085f00000| Complete 
|  96|0x0000000086000000, 0x0000000086100000, 0x0000000086100000|100%| S|CS|TAMS 0x0000000086000000, 0x0000000086000000| Complete 
|  97|0x0000000086100000, 0x0000000086100000, 0x0000000086200000|  0%| F|  |TAMS 0x0000000086100000, 0x0000000086100000| Untracked 
|  98|0x0000000086200000, 0x0000000086200000, 0x0000000086300000|  0%| F|  |TAMS 0x0000000086200000, 0x0000000086200000| Untracked 
|  99|0x0000000086300000, 0x0000000086300000, 0x0000000086400000|  0%| F|  |TAMS 0x0000000086300000, 0x0000000086300000| Untracked 
| 100|0x0000000086400000, 0x0000000086400000, 0x0000000086500000|  0%| F|  |TAMS 0x0000000086400000, 0x0000000086400000| Untracked 
| 101|0x0000000086500000, 0x0000000086500000, 0x0000000086600000|  0%| F|  |TAMS 0x0000000086500000, 0x0000000086500000| Untracked 
| 102|0x0000000086600000, 0x0000000086600000, 0x0000000086700000|  0%| F|  |TAMS 0x0000000086600000, 0x0000000086600000| Untracked 
| 103|0x0000000086700000, 0x0000000086700000, 0x0000000086800000|  0%| F|  |TAMS 0x0000000086700000, 0x0000000086700000| Untracked 
| 104|0x0000000086800000, 0x0000000086800000, 0x0000000086900000|  0%| F|  |TAMS 0x0000000086800000, 0x0000000086800000| Untracked 
| 105|0x0000000086900000, 0x0000000086900000, 0x0000000086a00000|  0%| F|  |TAMS 0x0000000086900000, 0x0000000086900000| Untracked 
| 106|0x0000000086a00000, 0x0000000086a00000, 0x0000000086b00000|  0%| F|  |TAMS 0x0000000086a00000, 0x0000000086a00000| Untracked 
| 107|0x0000000086b00000, 0x0000000086b00000, 0x0000000086c00000|  0%| F|  |TAMS 0x0000000086b00000, 0x0000000086b00000| Untracked 
| 108|0x0000000086c00000, 0x0000000086c00000, 0x0000000086d00000|  0%| F|  |TAMS 0x0000000086c00000, 0x0000000086c00000| Untracked 
| 109|0x0000000086d00000, 0x0000000086d00000, 0x0000000086e00000|  0%| F|  |TAMS 0x0000000086d00000, 0x0000000086d00000| Untracked 
| 110|0x0000000086e00000, 0x0000000086e00000, 0x0000000086f00000|  0%| F|  |TAMS 0x0000000086e00000, 0x0000000086e00000| Untracked 
| 111|0x0000000086f00000, 0x0000000086f00000, 0x0000000087000000|  0%| F|  |TAMS 0x0000000086f00000, 0x0000000086f00000| Untracked 
| 112|0x0000000087000000, 0x0000000087000000, 0x0000000087100000|  0%| F|  |TAMS 0x0000000087000000, 0x0000000087000000| Untracked 
| 113|0x0000000087100000, 0x0000000087100000, 0x0000000087200000|  0%| F|  |TAMS 0x0000000087100000, 0x0000000087100000| Untracked 
| 114|0x0000000087200000, 0x0000000087200000, 0x0000000087300000|  0%| F|  |TAMS 0x0000000087200000, 0x0000000087200000| Untracked 
| 115|0x0000000087300000, 0x0000000087300000, 0x0000000087400000|  0%| F|  |TAMS 0x0000000087300000, 0x0000000087300000| Untracked 
| 116|0x0000000087400000, 0x0000000087400000, 0x0000000087500000|  0%| F|  |TAMS 0x0000000087400000, 0x0000000087400000| Untracked 
| 117|0x0000000087500000, 0x0000000087500000, 0x0000000087600000|  0%| F|  |TAMS 0x0000000087500000, 0x0000000087500000| Untracked 
| 118|0x0000000087600000, 0x0000000087600000, 0x0000000087700000|  0%| F|  |TAMS 0x0000000087600000, 0x0000000087600000| Untracked 
| 119|0x0000000087700000, 0x0000000087700000, 0x0000000087800000|  0%| F|  |TAMS 0x0000000087700000, 0x0000000087700000| Untracked 
| 120|0x0000000087800000, 0x0000000087800000, 0x0000000087900000|  0%| F|  |TAMS 0x0000000087800000, 0x0000000087800000| Untracked 
| 121|0x0000000087900000, 0x0000000087900000, 0x0000000087a00000|  0%| F|  |TAMS 0x0000000087900000, 0x0000000087900000| Untracked 
| 122|0x0000000087a00000, 0x0000000087a00000, 0x0000000087b00000|  0%| F|  |TAMS 0x0000000087a00000, 0x0000000087a00000| Untracked 
| 123|0x0000000087b00000, 0x0000000087b00000, 0x0000000087c00000|  0%| F|  |TAMS 0x0000000087b00000, 0x0000000087b00000| Untracked 
| 124|0x0000000087c00000, 0x0000000087c00000, 0x0000000087d00000|  0%| F|  |TAMS 0x0000000087c00000, 0x0000000087c00000| Untracked 
| 125|0x0000000087d00000, 0x0000000087d00000, 0x0000000087e00000|  0%| F|  |TAMS 0x0000000087d00000, 0x0000000087d00000| Untracked 
| 126|0x0000000087e00000, 0x0000000087e00000, 0x0000000087f00000|  0%| F|  |TAMS 0x0000000087e00000, 0x0000000087e00000| Untracked 
| 127|0x0000000087f00000, 0x0000000087f00000, 0x0000000088000000|  0%| F|  |TAMS 0x0000000087f00000, 0x0000000087f00000| Untracked 
| 128|0x0000000088000000, 0x0000000088000000, 0x0000000088100000|  0%| F|  |TAMS 0x0000000088000000, 0x0000000088000000| Untracked 
| 129|0x0000000088100000, 0x0000000088100000, 0x0000000088200000|  0%| F|  |TAMS 0x0000000088100000, 0x0000000088100000| Untracked 
| 130|0x0000000088200000, 0x0000000088200000, 0x0000000088300000|  0%| F|  |TAMS 0x0000000088200000, 0x0000000088200000| Untracked 
| 131|0x0000000088300000, 0x0000000088300000, 0x0000000088400000|  0%| F|  |TAMS 0x0000000088300000, 0x0000000088300000| Untracked 
| 132|0x0000000088400000, 0x0000000088400000, 0x0000000088500000|  0%| F|  |TAMS 0x0000000088400000, 0x0000000088400000| Untracked 
| 133|0x0000000088500000, 0x0000000088583c68, 0x0000000088600000| 51%| E|  |TAMS 0x0000000088500000, 0x0000000088500000| Complete 
| 134|0x0000000088600000, 0x0000000088700000, 0x0000000088700000|100%| E|CS|TAMS 0x0000000088600000, 0x0000000088600000| Complete 
| 135|0x0000000088700000, 0x0000000088800000, 0x0000000088800000|100%| E|CS|TAMS 0x0000000088700000, 0x0000000088700000| Complete 
| 136|0x0000000088800000, 0x0000000088900000, 0x0000000088900000|100%| E|CS|TAMS 0x0000000088800000, 0x0000000088800000| Complete 
| 137|0x0000000088900000, 0x0000000088a00000, 0x0000000088a00000|100%| E|CS|TAMS 0x0000000088900000, 0x0000000088900000| Complete 
| 138|0x0000000088a00000, 0x0000000088b00000, 0x0000000088b00000|100%| E|CS|TAMS 0x0000000088a00000, 0x0000000088a00000| Complete 
| 139|0x0000000088b00000, 0x0000000088c00000, 0x0000000088c00000|100%| E|CS|TAMS 0x0000000088b00000, 0x0000000088b00000| Complete 
| 140|0x0000000088c00000, 0x0000000088d00000, 0x0000000088d00000|100%| E|CS|TAMS 0x0000000088c00000, 0x0000000088c00000| Complete 
| 141|0x0000000088d00000, 0x0000000088e00000, 0x0000000088e00000|100%| E|CS|TAMS 0x0000000088d00000, 0x0000000088d00000| Complete 
| 142|0x0000000088e00000, 0x0000000088f00000, 0x0000000088f00000|100%| E|CS|TAMS 0x0000000088e00000, 0x0000000088e00000| Complete 
| 143|0x0000000088f00000, 0x0000000089000000, 0x0000000089000000|100%| E|CS|TAMS 0x0000000088f00000, 0x0000000088f00000| Complete 
| 144|0x0000000089000000, 0x0000000089100000, 0x0000000089100000|100%| E|CS|TAMS 0x0000000089000000, 0x0000000089000000| Complete 
| 145|0x0000000089100000, 0x0000000089200000, 0x0000000089200000|100%| E|CS|TAMS 0x0000000089100000, 0x0000000089100000| Complete 
| 146|0x0000000089200000, 0x0000000089300000, 0x0000000089300000|100%| E|CS|TAMS 0x0000000089200000, 0x0000000089200000| Complete 
| 147|0x0000000089300000, 0x0000000089400000, 0x0000000089400000|100%| E|CS|TAMS 0x0000000089300000, 0x0000000089300000| Complete 
| 148|0x0000000089400000, 0x0000000089500000, 0x0000000089500000|100%| E|CS|TAMS 0x0000000089400000, 0x0000000089400000| Complete 
| 149|0x0000000089500000, 0x0000000089600000, 0x0000000089600000|100%| E|CS|TAMS 0x0000000089500000, 0x0000000089500000| Complete 
| 150|0x0000000089600000, 0x0000000089700000, 0x0000000089700000|100%| E|CS|TAMS 0x0000000089600000, 0x0000000089600000| Complete 
| 151|0x0000000089700000, 0x0000000089800000, 0x0000000089800000|100%| E|CS|TAMS 0x0000000089700000, 0x0000000089700000| Complete 
| 152|0x0000000089800000, 0x0000000089900000, 0x0000000089900000|100%| E|CS|TAMS 0x0000000089800000, 0x0000000089800000| Complete 
| 153|0x0000000089900000, 0x0000000089a00000, 0x0000000089a00000|100%| E|CS|TAMS 0x0000000089900000, 0x0000000089900000| Complete 
| 154|0x0000000089a00000, 0x0000000089b00000, 0x0000000089b00000|100%| E|CS|TAMS 0x0000000089a00000, 0x0000000089a00000| Complete 
| 155|0x0000000089b00000, 0x0000000089c00000, 0x0000000089c00000|100%| E|CS|TAMS 0x0000000089b00000, 0x0000000089b00000| Complete 
| 189|0x000000008bd00000, 0x000000008be00000, 0x000000008be00000|100%| E|CS|TAMS 0x000000008bd00000, 0x000000008bd00000| Complete 

Card table byte_map: [0x0000024737f70000,0x0000024738370000] _byte_map_base: 0x0000024737b70000

Marking Bits (Prev, Next): (CMBitMap*) 0x00000247253d94a0, (CMBitMap*) 0x00000247253d94e0
 Prev Bits: [0x0000024738770000, 0x000002473a770000)
 Next Bits: [0x000002473a770000, 0x000002473c770000)

Polling page: 0x0000024723310000

Metaspace:

Usage:
  Non-class:     69.01 MB used.
      Class:     10.79 MB used.
       Both:     79.80 MB used.

Virtual space:
  Non-class space:       72.00 MB reserved,      69.38 MB ( 96%) committed,  9 nodes.
      Class space:        1.00 GB reserved,      11.06 MB (  1%) committed,  1 nodes.
             Both:        1.07 GB reserved,      80.44 MB (  7%) committed. 

Chunk freelists:
   Non-Class:  2.66 MB
       Class:  928.00 KB
        Both:  3.56 MB

MaxMetaspaceSize: unlimited
CompressedClassSpaceSize: 1.00 GB
Initial GC threshold: 21.00 MB
Current GC threshold: 106.69 MB
CDS: off
MetaspaceReclaimPolicy: balanced
 - commit_granule_bytes: 65536.
 - commit_granule_words: 8192.
 - virtual_space_node_default_size: 1048576.
 - enlarge_chunks_in_place: 1.
 - new_chunks_are_fully_committed: 0.
 - uncommit_free_chunks: 1.
 - use_allocation_guard: 0.
 - handle_deallocations: 1.


Internal statistics:

num_allocs_failed_limit: 6.
num_arena_births: 724.
num_arena_deaths: 0.
num_vsnodes_births: 10.
num_vsnodes_deaths: 0.
num_space_committed: 1287.
num_space_uncommitted: 0.
num_chunks_returned_to_freelist: 6.
num_chunks_taken_from_freelist: 3550.
num_chunk_merges: 3.
num_chunk_splits: 2361.
num_chunks_enlarged: 1616.
num_purges: 0.
num_inconsistent_stats: 0.

CodeHeap 'non-profiled nmethods': size=120000Kb used=3528Kb max_used=3528Kb free=116471Kb
 bounds [0x0000024730310000, 0x0000024730690000, 0x0000024737840000]
CodeHeap 'profiled nmethods': size=120000Kb used=13842Kb max_used=13842Kb free=106157Kb
 bounds [0x0000024728840000, 0x00000247295d0000, 0x000002472fd70000]
CodeHeap 'non-nmethods': size=5760Kb used=2377Kb max_used=2411Kb free=3382Kb
 bounds [0x000002472fd70000, 0x000002472ffe0000, 0x0000024730310000]
 total_blobs=8188 nmethods=7291 adapters=809
 compilation: enabled
              stopped_count=0, restarted_count=0
 full_count=0

Compilation events (20 events):
Event: 23.889 Thread 0x000002473fc5bbf0 nmethod 8183 0x00000247295abf90 code [0x00000247295ac120, 0x00000247295ac268]
Event: 23.889 Thread 0x000002473fc5bbf0 8184       2       java.lang.String::lastIndexOf (18 bytes)
Event: 23.889 Thread 0x000002473fc5bbf0 nmethod 8184 0x00000247295ac390 code [0x00000247295ac520, 0x00000247295ac688]
Event: 23.889 Thread 0x000002473fc5bbf0 8185       2       org.gradle.api.internal.collections.AbstractIterationOrderRetainingElementSource$RealizedElementCollectionIterator::hasNext (13 bytes)
Event: 23.890 Thread 0x000002473fc5bbf0 nmethod 8185 0x00000247295ac790 code [0x00000247295ac920, 0x00000247295aca38]
Event: 23.907 Thread 0x000002473fc5bbf0 8186       2       org.gradle.api.internal.DefaultDomainObjectSet_Decorated::getStore (39 bytes)
Event: 23.921 Thread 0x000002473fc5bbf0 nmethod 8186 0x00000247295acb10 code [0x00000247295accc0, 0x00000247295aceb8]
Event: 23.921 Thread 0x000002473fc5bbf0 8187       2       org.gradle.api.internal.DefaultDomainObjectCollection$IteratorImpl::<init> (15 bytes)
Event: 23.921 Thread 0x000002473fc5bbf0 nmethod 8187 0x00000247295ad010 code [0x00000247295ad1a0, 0x00000247295ad358]
Event: 23.933 Thread 0x000002473fc5bbf0 8189       2       org.gradle.internal.instantiation.generator.AsmBackedClassGenerator$ClassInspectionVisitorImpl::mixInExtensible (13 bytes)
Event: 23.933 Thread 0x000002473fc5bbf0 nmethod 8189 0x00000247295ad410 code [0x00000247295ad5a0, 0x00000247295ad6b8]
Event: 23.939 Thread 0x000002473fc5bbf0 8190       2       org.gradle.internal.typeconversion.TypeInfo::<init> (34 bytes)
Event: 23.939 Thread 0x000002473fc5bbf0 nmethod 8190 0x00000247295ad790 code [0x00000247295ad920, 0x00000247295ada78]
Event: 23.939 Thread 0x000002473fc5bbf0 8191       1       org.gradle.api.internal.artifacts.configurations.DefaultConfiguration::getOutgoing (5 bytes)
Event: 23.939 Thread 0x000002473fc5bbf0 nmethod 8191 0x000002473067ee10 code [0x000002473067efa0, 0x000002473067f078]
Event: 23.939 Thread 0x000002473fc5bbf0 8192       2       org.gradle.internal.typeconversion.NotationConverterToNotationParserAdapter::<init> (10 bytes)
Event: 23.939 Thread 0x000002473fc5bbf0 nmethod 8192 0x00000247295adb10 code [0x00000247295adca0, 0x00000247295addf8]
Event: 23.939 Thread 0x000002473fc5bbf0 8193       2       org.gradle.internal.typeconversion.NotationParserBuilder::<init> (31 bytes)
Event: 23.939 Thread 0x000002473fc5bbf0 nmethod 8193 0x00000247295ade90 code [0x00000247295ae020, 0x00000247295ae298]
Event: 23.939 Thread 0x000002473fc5bbf0 8194       2       org.gradle.internal.typeconversion.NotationParserBuilder::create (93 bytes)

GC Heap History (20 events):
Event: 17.502 GC heap before
{Heap before GC invocations=28 (full 0):
 garbage-first heap   total 75776K, used 53556K [0x0000000080000000, 0x0000000100000000)
  region size 1024K, 12 young (12288K), 1 survivors (1024K)
 Metaspace       used 55156K, committed 55616K, reserved 1097728K
  class space    used 7257K, committed 7424K, reserved 1048576K
}
Event: 17.505 GC heap after
{Heap after GC invocations=29 (full 0):
 garbage-first heap   total 75776K, used 43854K [0x0000000080000000, 0x0000000100000000)
  region size 1024K, 1 young (1024K), 1 survivors (1024K)
 Metaspace       used 55156K, committed 55616K, reserved 1097728K
  class space    used 7257K, committed 7424K, reserved 1048576K
}
Event: 17.984 GC heap before
{Heap before GC invocations=29 (full 0):
 garbage-first heap   total 75776K, used 56142K [0x0000000080000000, 0x0000000100000000)
  region size 1024K, 14 young (14336K), 1 survivors (1024K)
 Metaspace       used 57747K, committed 58240K, reserved 1105920K
  class space    used 7525K, committed 7744K, reserved 1048576K
}
Event: 17.988 GC heap after
{Heap after GC invocations=30 (full 0):
 garbage-first heap   total 75776K, used 44321K [0x0000000080000000, 0x0000000100000000)
  region size 1024K, 2 young (2048K), 2 survivors (2048K)
 Metaspace       used 57747K, committed 58240K, reserved 1105920K
  class space    used 7525K, committed 7744K, reserved 1048576K
}
Event: 18.568 GC heap before
{Heap before GC invocations=31 (full 0):
 garbage-first heap   total 76800K, used 56609K [0x0000000080000000, 0x0000000100000000)
  region size 1024K, 15 young (15360K), 2 survivors (2048K)
 Metaspace       used 60344K, committed 60864K, reserved 1105920K
  class space    used 7895K, committed 8128K, reserved 1048576K
}
Event: 18.572 GC heap after
{Heap after GC invocations=32 (full 0):
 garbage-first heap   total 76800K, used 45295K [0x0000000080000000, 0x0000000100000000)
  region size 1024K, 2 young (2048K), 2 survivors (2048K)
 Metaspace       used 60344K, committed 60864K, reserved 1105920K
  class space    used 7895K, committed 8128K, reserved 1048576K
}
Event: 18.910 GC heap before
{Heap before GC invocations=32 (full 0):
 garbage-first heap   total 76800K, used 53487K [0x0000000080000000, 0x0000000100000000)
  region size 1024K, 12 young (12288K), 2 survivors (2048K)
 Metaspace       used 62394K, committed 62976K, reserved 1105920K
  class space    used 8149K, committed 8384K, reserved 1048576K
}
Event: 18.914 GC heap after
{Heap after GC invocations=33 (full 0):
 garbage-first heap   total 76800K, used 46614K [0x0000000080000000, 0x0000000100000000)
  region size 1024K, 2 young (2048K), 2 survivors (2048K)
 Metaspace       used 62394K, committed 62976K, reserved 1105920K
  class space    used 8149K, committed 8384K, reserved 1048576K
}
Event: 19.127 GC heap before
{Heap before GC invocations=34 (full 0):
 garbage-first heap   total 101376K, used 67094K [0x0000000080000000, 0x0000000100000000)
  region size 1024K, 16 young (16384K), 2 survivors (2048K)
 Metaspace       used 62718K, committed 63232K, reserved 1105920K
  class space    used 8207K, committed 8384K, reserved 1048576K
}
Event: 19.132 GC heap after
{Heap after GC invocations=35 (full 0):
 garbage-first heap   total 101376K, used 48346K [0x0000000080000000, 0x0000000100000000)
  region size 1024K, 2 young (2048K), 2 survivors (2048K)
 Metaspace       used 62718K, committed 63232K, reserved 1105920K
  class space    used 8207K, committed 8384K, reserved 1048576K
}
Event: 19.720 GC heap before
{Heap before GC invocations=35 (full 0):
 garbage-first heap   total 101376K, used 72922K [0x0000000080000000, 0x0000000100000000)
  region size 1024K, 26 young (26624K), 2 survivors (2048K)
 Metaspace       used 64982K, committed 65536K, reserved 1105920K
  class space    used 8485K, committed 8704K, reserved 1048576K
}
Event: 19.724 GC heap after
{Heap after GC invocations=36 (full 0):
 garbage-first heap   total 101376K, used 50399K [0x0000000080000000, 0x0000000100000000)
  region size 1024K, 4 young (4096K), 4 survivors (4096K)
 Metaspace       used 64982K, committed 65536K, reserved 1105920K
  class space    used 8485K, committed 8704K, reserved 1048576K
}
Event: 20.019 GC heap before
{Heap before GC invocations=37 (full 0):
 garbage-first heap   total 101376K, used 60639K [0x0000000080000000, 0x0000000100000000)
  region size 1024K, 16 young (16384K), 4 survivors (4096K)
 Metaspace       used 66002K, committed 66432K, reserved 1114112K
  class space    used 8597K, committed 8768K, reserved 1048576K
}
Event: 20.026 GC heap after
{Heap after GC invocations=38 (full 0):
 garbage-first heap   total 160768K, used 51784K [0x0000000080000000, 0x0000000100000000)
  region size 1024K, 4 young (4096K), 4 survivors (4096K)
 Metaspace       used 66002K, committed 66432K, reserved 1114112K
  class space    used 8597K, committed 8768K, reserved 1048576K
}
Event: 20.771 GC heap before
{Heap before GC invocations=38 (full 0):
 garbage-first heap   total 160768K, used 110152K [0x0000000080000000, 0x0000000100000000)
  region size 1024K, 60 young (61440K), 4 survivors (4096K)
 Metaspace       used 67949K, committed 68544K, reserved 1114112K
  class space    used 8871K, committed 9152K, reserved 1048576K
}
Event: 20.779 GC heap after
{Heap after GC invocations=39 (full 0):
 garbage-first heap   total 160768K, used 55912K [0x0000000080000000, 0x0000000100000000)
  region size 1024K, 8 young (8192K), 8 survivors (8192K)
 Metaspace       used 67949K, committed 68544K, reserved 1114112K
  class space    used 8871K, committed 9152K, reserved 1048576K
}
Event: 22.207 GC heap before
{Heap before GC invocations=39 (full 0):
 garbage-first heap   total 160768K, used 117352K [0x0000000080000000, 0x0000000100000000)
  region size 1024K, 68 young (69632K), 8 survivors (8192K)
 Metaspace       used 73900K, committed 74496K, reserved 1114112K
  class space    used 9899K, committed 10176K, reserved 1048576K
}
Event: 22.219 GC heap after
{Heap after GC invocations=40 (full 0):
 garbage-first heap   total 160768K, used 60283K [0x0000000080000000, 0x0000000100000000)
  region size 1024K, 9 young (9216K), 9 survivors (9216K)
 Metaspace       used 73900K, committed 74496K, reserved 1114112K
  class space    used 9899K, committed 10176K, reserved 1048576K
}
Event: 23.425 GC heap before
{Heap before GC invocations=40 (full 0):
 garbage-first heap   total 160768K, used 121723K [0x0000000080000000, 0x0000000100000000)
  region size 1024K, 69 young (70656K), 9 survivors (9216K)
 Metaspace       used 78738K, committed 79296K, reserved 1122304K
  class space    used 10680K, committed 10944K, reserved 1048576K
}
Event: 23.435 GC heap after
{Heap after GC invocations=41 (full 0):
 garbage-first heap   total 160768K, used 64585K [0x0000000080000000, 0x0000000100000000)
  region size 1024K, 9 young (9216K), 9 survivors (9216K)
 Metaspace       used 78738K, committed 79296K, reserved 1122304K
  class space    used 10680K, committed 10944K, reserved 1048576K
}

Dll operation events (2 events):
Event: 0.016 Loaded shared library C:\Program Files\Android\Android Studio\jbr\bin\java.dll
Event: 1.162 Loaded shared library C:\Program Files\Android\Android Studio\jbr\bin\verify.dll

Deoptimization events (20 events):
Event: 23.649 Thread 0x00000247413e08f0 DEOPT PACKING pc=0x00000247303ea750 sp=0x000000719f6f9490
Event: 23.649 Thread 0x00000247413e08f0 DEOPT UNPACKING pc=0x000002472fdca1a3 sp=0x000000719f6f92b0 mode 2
Event: 23.676 Thread 0x00000247413e08f0 Uncommon trap: trap_request=0xffffff45 fr.pc=0x00000247303e50c8 relative=0x00000000000000a8
Event: 23.676 Thread 0x00000247413e08f0 Uncommon trap: reason=unstable_if action=reinterpret pc=0x00000247303e50c8 method=java.lang.CharacterDataLatin1.digit(II)I @ 12 c2
Event: 23.676 Thread 0x00000247413e08f0 DEOPT PACKING pc=0x00000247303e50c8 sp=0x000000719f6f9350
Event: 23.676 Thread 0x00000247413e08f0 DEOPT UNPACKING pc=0x000002472fdca1a3 sp=0x000000719f6f92c8 mode 2
Event: 23.751 Thread 0x00000247413e08f0 Uncommon trap: trap_request=0xffffff45 fr.pc=0x00000247305b3884 relative=0x0000000000000724
Event: 23.751 Thread 0x00000247413e08f0 Uncommon trap: reason=unstable_if action=reinterpret pc=0x00000247305b3884 method=java.util.HashMap.putVal(ILjava/lang/Object;Ljava/lang/Object;ZZ)Ljava/lang/Object; @ 109 c2
Event: 23.751 Thread 0x00000247413e08f0 DEOPT PACKING pc=0x00000247305b3884 sp=0x000000719f6f7a30
Event: 23.751 Thread 0x00000247413e08f0 DEOPT UNPACKING pc=0x000002472fdca1a3 sp=0x000000719f6f7948 mode 2
Event: 23.751 Thread 0x00000247413e08f0 Uncommon trap: trap_request=0xffffff45 fr.pc=0x0000024730471b74 relative=0x0000000000000694
Event: 23.751 Thread 0x00000247413e08f0 Uncommon trap: reason=unstable_if action=reinterpret pc=0x0000024730471b74 method=java.util.HashMap.putVal(ILjava/lang/Object;Ljava/lang/Object;ZZ)Ljava/lang/Object; @ 109 c2
Event: 23.751 Thread 0x00000247413e08f0 DEOPT PACKING pc=0x0000024730471b74 sp=0x000000719f6f7980
Event: 23.751 Thread 0x00000247413e08f0 DEOPT UNPACKING pc=0x000002472fdca1a3 sp=0x000000719f6f7938 mode 2
Event: 23.778 Thread 0x00000247413e08f0 DEOPT PACKING pc=0x0000024728c0261b sp=0x000000719f6f5e90
Event: 23.778 Thread 0x00000247413e08f0 DEOPT UNPACKING pc=0x000002472fdcace3 sp=0x000000719f6f5300 mode 0
Event: 23.799 Thread 0x00000247413e08f0 DEOPT PACKING pc=0x0000024728c78d98 sp=0x000000719f6f7380
Event: 23.799 Thread 0x00000247413e08f0 DEOPT UNPACKING pc=0x000002472fdcace3 sp=0x000000719f6f6860 mode 0
Event: 23.873 Thread 0x00000247413e08f0 DEOPT PACKING pc=0x00000247293f81c5 sp=0x000000719f6f7650
Event: 23.873 Thread 0x00000247413e08f0 DEOPT UNPACKING pc=0x000002472fdcace3 sp=0x000000719f6f6bf0 mode 0

Classes unloaded (0 events):
No events

Classes redefined (0 events):
No events

Internal exceptions (20 events):
Event: 22.442 Thread 0x00000247413e08f0 Exception <a 'java/lang/ClassNotFoundException'{0x0000000088cf6670}: org/gradle/api/internal/artifacts/configurations/DefaultConfiguration_DecoratedBeanInfo> (0x0000000088cf6670) 
thrown [s\src\hotspot\share\classfile\systemDictionary.cpp, line 256]
Event: 22.443 Thread 0x00000247413e08f0 Exception <a 'java/lang/ClassNotFoundException'{0x0000000088b06218}: org/gradle/api/internal/artifacts/configurations/DefaultConfigurationBeanInfo> (0x0000000088b06218) 
thrown [s\src\hotspot\share\classfile\systemDictionary.cpp, line 256]
Event: 22.443 Thread 0x00000247413e08f0 Exception <a 'java/lang/ClassNotFoundException'{0x0000000088b12b78}: org/gradle/api/internal/file/AbstractFileCollectionBeanInfo> (0x0000000088b12b78) 
thrown [s\src\hotspot\share\classfile\systemDictionary.cpp, line 256]
Event: 22.444 Thread 0x00000247413e08f0 Exception <a 'java/lang/ClassNotFoundException'{0x0000000088b1f750}: org/gradle/api/internal/file/AbstractFileCollectionCustomizer> (0x0000000088b1f750) 
thrown [s\src\hotspot\share\classfile\systemDictionary.cpp, line 256]
Event: 22.445 Thread 0x00000247413e08f0 Exception <a 'java/lang/ClassNotFoundException'{0x0000000088b40a50}: org/gradle/api/internal/artifacts/configurations/DefaultConfigurationCustomizer> (0x0000000088b40a50) 
thrown [s\src\hotspot\share\classfile\systemDictionary.cpp, line 256]
Event: 22.450 Thread 0x00000247413e08f0 Exception <a 'java/lang/ClassNotFoundException'{0x0000000088baf7a0}: org/gradle/api/internal/artifacts/configurations/DefaultConfiguration_DecoratedCustomizer> (0x0000000088baf7a0) 
thrown [s\src\hotspot\share\classfile\systemDictionary.cpp, line 256]
Event: 22.465 Thread 0x00000247413e08f0 Exception <a 'java/lang/ClassNotFoundException'{0x00000000888319d8}: org/codehaus/groovy/runtime/MethodClosureBeanInfo> (0x00000000888319d8) 
thrown [s\src\hotspot\share\classfile\systemDictionary.cpp, line 256]
Event: 22.468 Thread 0x00000247413e08f0 Exception <a 'java/lang/ClassNotFoundException'{0x00000000887fda58}: org/codehaus/groovy/runtime/MethodClosureCustomizer> (0x00000000887fda58) 
thrown [s\src\hotspot\share\classfile\systemDictionary.cpp, line 256]
Event: 22.471 Thread 0x00000247413e08f0 Exception <a 'java/lang/ClassNotFoundException'{0x0000000088633008}: org/gradle/api/internal/artifacts/configurations/DefaultConfiguration$ConfigurationResolvableDependencies_DecoratedBeanInfo> (0x0000000088633008) 
thrown [s\src\hotspot\share\classfile\systemDictionary.cpp, line 256]
Event: 22.472 Thread 0x00000247413e08f0 Exception <a 'java/lang/ClassNotFoundException'{0x0000000088642d40}: org/gradle/api/internal/artifacts/configurations/DefaultConfiguration$ConfigurationResolvableDependenciesBeanInfo> (0x0000000088642d40) 
thrown [s\src\hotspot\share\classfile\systemDictionary.cpp, line 256]
Event: 22.473 Thread 0x00000247413e08f0 Exception <a 'java/lang/ClassNotFoundException'{0x0000000088652268}: org/gradle/api/internal/artifacts/configurations/DefaultConfiguration$ConfigurationResolvableDependenciesCustomizer> (0x0000000088652268) 
thrown [s\src\hotspot\share\classfile\systemDictionary.cpp, line 256]
Event: 22.474 Thread 0x00000247413e08f0 Exception <a 'java/lang/ClassNotFoundException'{0x0000000088670b90}: org/gradle/api/internal/artifacts/configurations/DefaultConfiguration$ConfigurationResolvableDependencies_DecoratedCustomizer> (0x0000000088670b90) 
thrown [s\src\hotspot\share\classfile\systemDictionary.cpp, line 256]
Event: 22.623 Thread 0x00000247413e08f0 Exception <a 'java/lang/NoSuchMethodError'{0x0000000088220298}: 'java.lang.Object java.lang.invoke.DirectMethodHandle$Holder.invokeStatic(java.lang.Object, int, java.lang.Object)'> (0x0000000088220298) 
thrown [s\src\hotspot\share\interpreter\linkResolver.cpp, line 771]
Event: 23.041 Thread 0x00000247413e08f0 Exception <a 'sun/nio/fs/WindowsException'{0x0000000086e1f988}> (0x0000000086e1f988) 
thrown [s\src\hotspot\share\prims\jni.cpp, line 517]
Event: 23.205 Thread 0x00000247413e08f0 Exception <a 'java/lang/NullPointerException'{0x00000000867438f0}> (0x00000000867438f0) 
thrown [s\src\hotspot\share\interpreter\linkResolver.cpp, line 1447]
Event: 23.659 Thread 0x00000247413e08f0 Exception <a 'sun/nio/fs/WindowsException'{0x00000000895482d8}> (0x00000000895482d8) 
thrown [s\src\hotspot\share\prims\jni.cpp, line 517]
Event: 23.659 Thread 0x00000247413e08f0 Exception <a 'sun/nio/fs/WindowsException'{0x0000000089549668}> (0x0000000089549668) 
thrown [s\src\hotspot\share\prims\jni.cpp, line 517]
Event: 23.659 Thread 0x00000247413e08f0 Exception <a 'sun/nio/fs/WindowsException'{0x000000008954aa30}> (0x000000008954aa30) 
thrown [s\src\hotspot\share\prims\jni.cpp, line 517]
Event: 23.659 Thread 0x00000247413e08f0 Exception <a 'sun/nio/fs/WindowsException'{0x000000008954bdf8}> (0x000000008954bdf8) 
thrown [s\src\hotspot\share\prims\jni.cpp, line 517]
Event: 23.776 Thread 0x00000247413e08f0 Exception <a 'java/lang/NoSuchMethodError'{0x0000000088f36720}: 'java.lang.Object java.lang.invoke.DirectMethodHandle$Holder.newInvokeSpecial(java.lang.Object, java.lang.Object, int)'> (0x0000000088f36720) 
thrown [s\src\hotspot\share\interpreter\linkResolver.cpp, line 771]

VM Operations (20 events):
Event: 20.675 Executing VM operation: HandshakeAllThreads
Event: 20.675 Executing VM operation: HandshakeAllThreads done
Event: 20.771 Executing VM operation: G1CollectForAllocation
Event: 20.779 Executing VM operation: G1CollectForAllocation done
Event: 21.747 Executing VM operation: ICBufferFull
Event: 21.747 Executing VM operation: ICBufferFull done
Event: 22.207 Executing VM operation: G1CollectForAllocation
Event: 22.220 Executing VM operation: G1CollectForAllocation done
Event: 22.397 Executing VM operation: HandshakeAllThreads
Event: 22.398 Executing VM operation: HandshakeAllThreads done
Event: 22.940 Executing VM operation: ICBufferFull
Event: 22.941 Executing VM operation: ICBufferFull done
Event: 23.152 Executing VM operation: HandshakeAllThreads
Event: 23.152 Executing VM operation: HandshakeAllThreads done
Event: 23.425 Executing VM operation: G1CollectForAllocation
Event: 23.435 Executing VM operation: G1CollectForAllocation done
Event: 23.602 Executing VM operation: HandshakeAllThreads
Event: 23.602 Executing VM operation: HandshakeAllThreads done
Event: 23.683 Executing VM operation: HandshakeAllThreads
Event: 23.683 Executing VM operation: HandshakeAllThreads done

Events (20 events):
Event: 23.635 loading class java/util/regex/Pattern$Behind
Event: 23.635 loading class java/util/regex/Pattern$Behind done
Event: 23.648 loading class javax/xml/datatype/DatatypeConfigurationException
Event: 23.648 loading class javax/xml/datatype/DatatypeConfigurationException done
Event: 23.649 loading class jdk/internal/reflect/UnsafeIntegerFieldAccessorImpl
Event: 23.650 loading class jdk/internal/reflect/UnsafeIntegerFieldAccessorImpl done
Event: 23.652 loading class com/sun/org/apache/xerces/internal/impl/io/MalformedByteSequenceException
Event: 23.652 loading class java/io/CharConversionException
Event: 23.652 loading class java/io/CharConversionException done
Event: 23.652 loading class com/sun/org/apache/xerces/internal/impl/io/MalformedByteSequenceException done
Event: 23.660 loading class java/util/EnumMap$EntrySet
Event: 23.660 loading class java/util/EnumMap$EntrySet done
Event: 23.660 loading class java/util/EnumMap$EntryIterator
Event: 23.661 loading class java/util/EnumMap$EnumMapIterator
Event: 23.661 loading class java/util/EnumMap$EnumMapIterator done
Event: 23.661 loading class java/util/EnumMap$EntryIterator done
Event: 23.661 loading class java/util/EnumMap$EntryIterator$Entry
Event: 23.661 loading class java/util/EnumMap$EntryIterator$Entry done
Event: 23.677 loading class jdk/internal/reflect/UnsafeBooleanFieldAccessorImpl
Event: 23.678 loading class jdk/internal/reflect/UnsafeBooleanFieldAccessorImpl done


Dynamic libraries:
0x00007ff702470000 - 0x00007ff70247a000 	C:\Program Files\Android\Android Studio\jbr\bin\java.exe
0x00007ff965090000 - 0x00007ff9652a7000 	C:\WINDOWS\SYSTEM32\ntdll.dll
0x00007ff9639b0000 - 0x00007ff963a74000 	C:\WINDOWS\System32\KERNEL32.DLL
0x00007ff962750000 - 0x00007ff962af6000 	C:\WINDOWS\System32\KERNELBASE.dll
0x00007ff962570000 - 0x00007ff962681000 	C:\WINDOWS\System32\ucrtbase.dll
0x00007ff928ee0000 - 0x00007ff928ef7000 	C:\Program Files\Android\Android Studio\jbr\bin\jli.dll
0x00007ff908ed0000 - 0x00007ff908eeb000 	C:\Program Files\Android\Android Studio\jbr\bin\VCRUNTIME140.dll
0x00007ff963520000 - 0x00007ff9636ce000 	C:\WINDOWS\System32\USER32.dll
0x00007ff94c980000 - 0x00007ff94cc13000 	C:\WINDOWS\WinSxS\amd64_microsoft.windows.common-controls_6595b64144ccf1df_6.0.22621.2506_none_270c5ae97388e100\COMCTL32.dll
0x00007ff962ec0000 - 0x00007ff962f67000 	C:\WINDOWS\System32\msvcrt.dll
0x00007ff962c20000 - 0x00007ff962c46000 	C:\WINDOWS\System32\win32u.dll
0x00007ff963980000 - 0x00007ff9639a9000 	C:\WINDOWS\System32\GDI32.dll
0x00007ff962cc0000 - 0x00007ff962dd8000 	C:\WINDOWS\System32\gdi32full.dll
0x00007ff962b00000 - 0x00007ff962b9a000 	C:\WINDOWS\System32\msvcp_win.dll
0x00007ff963940000 - 0x00007ff963971000 	C:\WINDOWS\System32\IMM32.DLL
0x00007ff91c880000 - 0x00007ff91c88c000 	C:\Program Files\Android\Android Studio\jbr\bin\vcruntime140_1.dll
0x00007ff8e0a00000 - 0x00007ff8e0a8d000 	C:\Program Files\Android\Android Studio\jbr\bin\msvcp140.dll
0x00007ff8d87c0000 - 0x00007ff8d942e000 	C:\Program Files\Android\Android Studio\jbr\bin\server\jvm.dll
0x00007ff964ef0000 - 0x00007ff964fa1000 	C:\WINDOWS\System32\ADVAPI32.dll
0x00007ff9636d0000 - 0x00007ff963775000 	C:\WINDOWS\System32\sechost.dll
0x00007ff9643f0000 - 0x00007ff964507000 	C:\WINDOWS\System32\RPCRT4.dll
0x00007ff949d10000 - 0x00007ff949d19000 	C:\WINDOWS\SYSTEM32\WSOCK32.dll
0x00007ff964fb0000 - 0x00007ff965021000 	C:\WINDOWS\System32\WS2_32.dll
0x00007ff95b9c0000 - 0x00007ff95b9f4000 	C:\WINDOWS\SYSTEM32\WINMM.dll
0x00007ff95a290000 - 0x00007ff95a29a000 	C:\WINDOWS\SYSTEM32\VERSION.dll
0x00007ff9614f0000 - 0x00007ff961508000 	C:\WINDOWS\SYSTEM32\kernel.appcore.dll
0x00007ff9444b0000 - 0x00007ff9444ba000 	C:\Program Files\Android\Android Studio\jbr\bin\jimage.dll
0x00007ff95fc50000 - 0x00007ff95fe83000 	C:\WINDOWS\SYSTEM32\DBGHELP.DLL
0x00007ff963190000 - 0x00007ff963519000 	C:\WINDOWS\System32\combase.dll
0x00007ff964cb0000 - 0x00007ff964d87000 	C:\WINDOWS\System32\OLEAUT32.dll
0x00007ff931480000 - 0x00007ff9314b2000 	C:\WINDOWS\SYSTEM32\dbgcore.DLL
0x00007ff962ba0000 - 0x00007ff962c1a000 	C:\WINDOWS\System32\bcryptPrimitives.dll
0x00007ff929420000 - 0x00007ff929445000 	C:\Program Files\Android\Android Studio\jbr\bin\java.dll
0x00007ff9291f0000 - 0x00007ff929208000 	C:\Program Files\Android\Android Studio\jbr\bin\zip.dll
0x00007ff963b90000 - 0x00007ff9643ea000 	C:\WINDOWS\System32\SHELL32.dll
0x00007ff9601c0000 - 0x00007ff960ab6000 	C:\WINDOWS\SYSTEM32\windows.storage.dll
0x00007ff960ae0000 - 0x00007ff960c1e000 	C:\WINDOWS\SYSTEM32\wintypes.dll
0x00007ff963090000 - 0x00007ff963183000 	C:\WINDOWS\System32\SHCORE.dll
0x00007ff962de0000 - 0x00007ff962e3e000 	C:\WINDOWS\System32\shlwapi.dll
0x00007ff962330000 - 0x00007ff962356000 	C:\WINDOWS\SYSTEM32\profapi.dll
0x00007ff9291d0000 - 0x00007ff9291e9000 	C:\Program Files\Android\Android Studio\jbr\bin\net.dll
0x00007ff95b880000 - 0x00007ff95b9b7000 	C:\WINDOWS\SYSTEM32\WINHTTP.dll
0x00007ff961970000 - 0x00007ff9619d9000 	C:\WINDOWS\system32\mswsock.dll
0x00007ff9291b0000 - 0x00007ff9291c6000 	C:\Program Files\Android\Android Studio\jbr\bin\nio.dll
0x00007ff9345c0000 - 0x00007ff9345d0000 	C:\Program Files\Android\Android Studio\jbr\bin\verify.dll
0x00007ff919de0000 - 0x00007ff919e07000 	C:\Users\Admin\.gradle\native\e1d6ef7f7dcc3fd88c89a11ec53ec762bb8ba0a96d01ffa2cd45eb1d1d8dd5c5\windows-amd64\native-platform.dll
0x00007ff8cc110000 - 0x00007ff8cc254000 	C:\Users\Admin\.gradle\native\0d407fdbe67a94daf76414ababcb853783967236a71b16ec16e742cd7a986fd3\windows-amd64\native-platform-file-events.dll
0x00007ff934220000 - 0x00007ff934229000 	C:\Program Files\Android\Android Studio\jbr\bin\management.dll
0x00007ff9336e0000 - 0x00007ff9336eb000 	C:\Program Files\Android\Android Studio\jbr\bin\management_ext.dll
0x00007ff963a80000 - 0x00007ff963a88000 	C:\WINDOWS\System32\PSAPI.DLL
0x00007ff961bc0000 - 0x00007ff961bdb000 	C:\WINDOWS\SYSTEM32\CRYPTSP.dll
0x00007ff961450000 - 0x00007ff961485000 	C:\WINDOWS\system32\rsaenh.dll
0x00007ff961a60000 - 0x00007ff961a8c000 	C:\WINDOWS\SYSTEM32\USERENV.dll
0x00007ff961db0000 - 0x00007ff961dd8000 	C:\WINDOWS\SYSTEM32\bcrypt.dll
0x00007ff961be0000 - 0x00007ff961bec000 	C:\WINDOWS\SYSTEM32\CRYPTBASE.dll
0x00007ff960ef0000 - 0x00007ff960f1d000 	C:\WINDOWS\SYSTEM32\IPHLPAPI.DLL
0x00007ff964510000 - 0x00007ff964519000 	C:\WINDOWS\System32\NSI.dll
0x00007ff95bc50000 - 0x00007ff95bc69000 	C:\WINDOWS\SYSTEM32\dhcpcsvc6.DLL
0x00007ff95ba30000 - 0x00007ff95ba4f000 	C:\WINDOWS\SYSTEM32\dhcpcsvc.DLL
0x00007ff960f60000 - 0x00007ff961059000 	C:\WINDOWS\SYSTEM32\DNSAPI.dll
0x00007ff925700000 - 0x00007ff925708000 	C:\WINDOWS\system32\wshunix.dll

dbghelp: loaded successfully - version: 4.0.5 - missing functions: none
symbol engine: initialized successfully - sym options: 0x614 - pdb path: .;C:\Program Files\Android\Android Studio\jbr\bin;C:\WINDOWS\SYSTEM32;C:\WINDOWS\WinSxS\amd64_microsoft.windows.common-controls_6595b64144ccf1df_6.0.22621.2506_none_270c5ae97388e100;C:\Program Files\Android\Android Studio\jbr\bin\server;C:\Users\Admin\.gradle\native\e1d6ef7f7dcc3fd88c89a11ec53ec762bb8ba0a96d01ffa2cd45eb1d1d8dd5c5\windows-amd64;C:\Users\Admin\.gradle\native\0d407fdbe67a94daf76414ababcb853783967236a71b16ec16e742cd7a986fd3\windows-amd64

VM Arguments:
jvm_args: --add-opens=java.base/java.util=ALL-UNNAMED --add-opens=java.base/java.lang=ALL-UNNAMED --add-opens=java.base/java.lang.invoke=ALL-UNNAMED --add-opens=java.base/java.util=ALL-UNNAMED --add-opens=java.prefs/java.util.prefs=ALL-UNNAMED --add-opens=java.prefs/java.util.prefs=ALL-UNNAMED --add-opens=java.base/java.nio.charset=ALL-UNNAMED --add-opens=java.base/java.net=ALL-UNNAMED --add-opens=java.base/java.util.concurrent.atomic=ALL-UNNAMED -Xmx2048m -Dfile.encoding=UTF-8 -Duser.country=US -Duser.language=en -Duser.variant 
java_command: org.gradle.launcher.daemon.bootstrap.GradleDaemon 7.5
java_class_path (initial): C:\Users\Admin\.gradle\wrapper\dists\gradle-7.5-bin\f1w0cc9nuo0eivz97x2xlu9sv\gradle-7.5\lib\gradle-launcher-7.5.jar
Launcher Type: SUN_STANDARD

[Global flags]
     intx CICompilerCount                          = 4                                         {product} {ergonomic}
     uint ConcGCThreads                            = 2                                         {product} {ergonomic}
     uint G1ConcRefinementThreads                  = 8                                         {product} {ergonomic}
   size_t G1HeapRegionSize                         = 1048576                                   {product} {ergonomic}
    uintx GCDrainStackTargetSize                   = 64                                        {product} {ergonomic}
   size_t InitialHeapSize                          = 199229440                                 {product} {ergonomic}
   size_t MarkStackSize                            = 4194304                                   {product} {ergonomic}
   size_t MaxHeapSize                              = 2147483648                                {product} {command line}
   size_t MaxNewSize                               = 1287651328                                {product} {ergonomic}
   size_t MinHeapDeltaBytes                        = 1048576                                   {product} {ergonomic}
   size_t MinHeapSize                              = 8388608                                   {product} {ergonomic}
    uintx NonNMethodCodeHeapSize                   = 5839372                                {pd product} {ergonomic}
    uintx NonProfiledCodeHeapSize                  = 122909434                              {pd product} {ergonomic}
    uintx ProfiledCodeHeapSize                     = 122909434                              {pd product} {ergonomic}
    uintx ReservedCodeCacheSize                    = 251658240                              {pd product} {ergonomic}
     bool SegmentedCodeCache                       = true                                      {product} {ergonomic}
   size_t SoftMaxHeapSize                          = 2147483648                             {manageable} {ergonomic}
     bool UseCompressedClassPointers               = true                           {product lp64_product} {ergonomic}
     bool UseCompressedOops                        = true                           {product lp64_product} {ergonomic}
     bool UseG1GC                                  = true                                      {product} {ergonomic}
     bool UseLargePagesIndividualAllocation        = false                                  {pd product} {ergonomic}

Logging:
Log output configuration:
 #0: stdout all=warning uptime,level,tags
 #1: stderr all=off uptime,level,tags

Environment Variables:
JAVA_HOME=C:\Program Files\Java\jdk1.8.0_351
PATH=C:\Program Files\Common Files\Oracle\Java\javapath;C:\Program Files (x86)\Common Files\Oracle\Java\javapath;C:\Program Files\Microsoft MPI\Bin\;C:\WINDOWS\system32;C:\WINDOWS;C:\WINDOWS\System32\Wbem;C:\WINDOWS\System32\WindowsPowerShell\v1.0\;C:\WINDOWS\System32\OpenSSH\;C:\Program Files\Git\cmd;C:\Users\Admin\AppData\Local\Programs\Python\Python311\Scripts;C:\Program Files (x86)\Microsoft SQL Server\160\Tools\Binn\;C:\Program Files\Microsoft SQL Server\160\Tools\Binn\;C:\Program Files\Microsoft SQL Server\Client SDK\ODBC\170\Tools\Binn\;C:\Program Files\Microsoft SQL Server\160\DTS\Binn\;C:\Program Files\Azure Data Studio\bin;C:\Program Files\nodejs\;C:\ProgramData\chocolatey\bin;C:\Program Files\Microsoft SQL Server\110\Tools\Binn\;C:\Program Files\dotnet\;C:\Users\Admin\AppData\Local\Programs\Python\Python311\Scripts\;C:\Users\Admin\AppData\Local\Programs\Python\Python311\;C:\Users\Admin\AppData\Local\Microsoft\WindowsApps;C:\Program Files\Java\jdk1.8.0_351\bin;C:\src\flutter\flutter\bin;C:\Users\Admin\AppData\Local\Programs\Microsoft VS Code\bin;C:\Program Files\Azure Data Studio\bin;D:\python\PyCharm Community Edition 2022.3.2\bin;;C:\msys64\ucrt64\bin;C:\Users\Admin\AppData\Roaming\npm;D:\? E\JavaBackend\IntelliJ IDEA Community Edition 2023.1.1\bin;;C:\Users\Admin\AppData\Local\GitHubDesktop\bin;C:\Program Files\JetBrains\IntelliJ IDEA 2023.2\bin;;C:\Users\Admin\.dotnet\tools;C:\MinGW\bin;
USERNAME=Admin
OS=Windows_NT
PROCESSOR_IDENTIFIER=Intel64 Family 6 Model 126 Stepping 5, GenuineIntel
TMP=C:\Users\Admin\AppData\Local\Temp
TEMP=C:\Users\Admin\AppData\Local\Temp


JNI global refs:
JNI global refs: 25, weak refs: 8

JNI global refs memory usage: 843, weak refs: 841


---------------  S Y S T E M  ---------------

OS:
 Windows 11 , 64 bit Build 22621 (10.0.22621.2506)
OS uptime: 0 days 0:40 hours

CPU: total 8 (initial active 8) (4 cores per cpu, 2 threads per core) family 6 model 126 stepping 5 microcode 0xbc, cx8, cmov, fxsr, ht, mmx, 3dnowpref, sse, sse2, sse3, ssse3, sse4.1, sse4.2, popcnt, lzcnt, tsc, tscinvbit, avx, avx2, aes, erms, clmul, bmi1, bmi2, adx, avx512f, avx512dq, avx512cd, avx512bw, avx512vl, sha, fma, vzeroupper, avx512_vpopcntdq, avx512_vpclmulqdq, avx512_vaes, avx512_vnni, clflush, clflushopt, avx512_vbmi2, avx512_vbmi

Memory: 4k page, system-wide physical 12055M (258M free)
TotalPageFile size 15980M (AvailPageFile size 3M)
current process WorkingSet (physical memory assigned to process): 364M, peak: 364M
current process commit charge ("private bytes"): 407M, peak: 408M

vm_info: OpenJDK 64-Bit Server VM (17.0.6+0-b2043.56-10027231) for windows-amd64 JRE (17.0.6+0-b2043.56-10027231), built on Apr 28 2023 00:43:19 by "androidbuild" with MS VC++ 16.10 / 16.11 (VS2019)

END.
